2023-06-17 00:25:49,221 INFO org.springframework.boot.StartupInfoLogger [main] Starting GescolariteApplication using Java 1.8.0_191 on ASP-5QCNZH3 with PID 16560 (E:\cigma\JAVA\JAVA_PROJECTS\PFE-Repository\target\classes started by youssefkarfouh in E:\cigma\JAVA\JAVA_PROJECTS\PFE-Repository)
2023-06-17 00:25:49,224 DEBUG org.springframework.boot.StartupInfoLogger [main] Running with Spring Boot v2.7.12, Spring v5.3.27
2023-06-17 00:25:49,225 INFO org.springframework.boot.SpringApplication [main] The following 1 profile is active: "dev"
2023-06-17 00:25:50,162 INFO org.springframework.data.repository.config.RepositoryConfigurationDelegate [main] Bootstrapping Spring Data JPA repositories in DEFAULT mode.
2023-06-17 00:25:50,228 INFO org.springframework.data.repository.config.RepositoryConfigurationDelegate [main] Finished Spring Data repository scanning in 57 ms. Found 3 JPA repository interfaces.
2023-06-17 00:25:50,955 INFO org.springframework.boot.web.embedded.tomcat.TomcatWebServer [main] Tomcat initialized with port(s): 8092 (http)
2023-06-17 00:25:50,965 INFO org.apache.juli.logging.DirectJDKLog [main] Initializing ProtocolHandler ["http-nio-8092"]
2023-06-17 00:25:50,966 INFO org.apache.juli.logging.DirectJDKLog [main] Starting service [Tomcat]
2023-06-17 00:25:50,966 INFO org.apache.juli.logging.DirectJDKLog [main] Starting Servlet engine: [Apache Tomcat/9.0.75]
2023-06-17 00:25:51,182 INFO org.apache.juli.logging.DirectJDKLog [main] Initializing Spring embedded WebApplicationContext
2023-06-17 00:25:51,182 INFO org.springframework.boot.web.servlet.context.ServletWebServerApplicationContext [main] Root WebApplicationContext: initialization completed in 1896 ms
2023-06-17 00:25:51,736 INFO com.zaxxer.hikari.HikariDataSource [main] HikariPool-1 - Starting...
2023-06-17 00:25:51,923 INFO com.zaxxer.hikari.HikariDataSource [main] HikariPool-1 - Start completed.
2023-06-17 00:25:52,089 ERROR org.springframework.orm.jpa.AbstractEntityManagerFactoryBean [main] Failed to initialize JPA EntityManagerFactory: No identifier specified for entity: ma.geo.gescolarite.entities.StudentEntity
2023-06-17 00:25:52,090 WARN org.springframework.context.support.AbstractApplicationContext [main] Exception encountered during context initialization - cancelling refresh attempt: org.springframework.beans.factory.BeanCreationException: Error creating bean with name 'entityManagerFactory' defined in class path resource [org/springframework/boot/autoconfigure/orm/jpa/HibernateJpaConfiguration.class]: Invocation of init method failed; nested exception is org.hibernate.AnnotationException: No identifier specified for entity: ma.geo.gescolarite.entities.StudentEntity
2023-06-17 00:25:52,090 INFO com.zaxxer.hikari.HikariDataSource [main] HikariPool-1 - Shutdown initiated...
2023-06-17 00:25:52,097 INFO com.zaxxer.hikari.HikariDataSource [main] HikariPool-1 - Shutdown completed.
2023-06-17 00:25:52,101 INFO org.apache.juli.logging.DirectJDKLog [main] Stopping service [Tomcat]
2023-06-17 00:25:52,112 INFO org.springframework.boot.autoconfigure.logging.ConditionEvaluationReportLoggingListener [main] 

Error starting ApplicationContext. To display the conditions report re-run your application with 'debug' enabled.
2023-06-17 00:25:52,133 ERROR org.springframework.boot.SpringApplication [main] Application run failed
org.springframework.beans.factory.BeanCreationException: Error creating bean with name 'entityManagerFactory' defined in class path resource [org/springframework/boot/autoconfigure/orm/jpa/HibernateJpaConfiguration.class]: Invocation of init method failed; nested exception is org.hibernate.AnnotationException: No identifier specified for entity: ma.geo.gescolarite.entities.StudentEntity
	at org.springframework.beans.factory.support.AbstractAutowireCapableBeanFactory.initializeBean(AbstractAutowireCapableBeanFactory.java:1804)
	at org.springframework.beans.factory.support.AbstractAutowireCapableBeanFactory.doCreateBean(AbstractAutowireCapableBeanFactory.java:620)
	at org.springframework.beans.factory.support.AbstractAutowireCapableBeanFactory.createBean(AbstractAutowireCapableBeanFactory.java:542)
	at org.springframework.beans.factory.support.AbstractBeanFactory.lambda$doGetBean$0(AbstractBeanFactory.java:335)
	at org.springframework.beans.factory.support.DefaultSingletonBeanRegistry.getSingleton(DefaultSingletonBeanRegistry.java:234)
	at org.springframework.beans.factory.support.AbstractBeanFactory.doGetBean(AbstractBeanFactory.java:333)
	at org.springframework.beans.factory.support.AbstractBeanFactory.getBean(AbstractBeanFactory.java:208)
	at org.springframework.context.support.AbstractApplicationContext.getBean(AbstractApplicationContext.java:1156)
	at org.springframework.context.support.AbstractApplicationContext.finishBeanFactoryInitialization(AbstractApplicationContext.java:910)
	at org.springframework.context.support.AbstractApplicationContext.refresh(AbstractApplicationContext.java:583)
	at org.springframework.boot.web.servlet.context.ServletWebServerApplicationContext.refresh(ServletWebServerApplicationContext.java:147)
	at org.springframework.boot.SpringApplication.refresh(SpringApplication.java:731)
	at org.springframework.boot.SpringApplication.refreshContext(SpringApplication.java:408)
	at org.springframework.boot.SpringApplication.run(SpringApplication.java:307)
	at ma.geo.gescolarite.GescolariteApplication.main(GescolariteApplication.java:23)
Caused by: org.hibernate.AnnotationException: No identifier specified for entity: ma.geo.gescolarite.entities.StudentEntity
	at org.hibernate.cfg.InheritanceState.determineDefaultAccessType(InheritanceState.java:266)
	at org.hibernate.cfg.InheritanceState.getElementsToProcess(InheritanceState.java:211)
	at org.hibernate.cfg.AnnotationBinder.bindClass(AnnotationBinder.java:772)
	at org.hibernate.boot.model.source.internal.annotations.AnnotationMetadataSourceProcessorImpl.processEntityHierarchies(AnnotationMetadataSourceProcessorImpl.java:225)
	at org.hibernate.boot.model.process.spi.MetadataBuildingProcess$1.processEntityHierarchies(MetadataBuildingProcess.java:239)
	at org.hibernate.boot.model.process.spi.MetadataBuildingProcess.complete(MetadataBuildingProcess.java:282)
	at org.hibernate.jpa.boot.internal.EntityManagerFactoryBuilderImpl.metadata(EntityManagerFactoryBuilderImpl.java:1460)
	at org.hibernate.jpa.boot.internal.EntityManagerFactoryBuilderImpl.build(EntityManagerFactoryBuilderImpl.java:1494)
	at org.springframework.orm.jpa.vendor.SpringHibernateJpaPersistenceProvider.createContainerEntityManagerFactory(SpringHibernateJpaPersistenceProvider.java:58)
	at org.springframework.orm.jpa.LocalContainerEntityManagerFactoryBean.createNativeEntityManagerFactory(LocalContainerEntityManagerFactoryBean.java:365)
	at org.springframework.orm.jpa.AbstractEntityManagerFactoryBean.buildNativeEntityManagerFactory(AbstractEntityManagerFactoryBean.java:409)
	at org.springframework.orm.jpa.AbstractEntityManagerFactoryBean.afterPropertiesSet(AbstractEntityManagerFactoryBean.java:396)
	at org.springframework.orm.jpa.LocalContainerEntityManagerFactoryBean.afterPropertiesSet(LocalContainerEntityManagerFactoryBean.java:341)
	at org.springframework.beans.factory.support.AbstractAutowireCapableBeanFactory.invokeInitMethods(AbstractAutowireCapableBeanFactory.java:1863)
	at org.springframework.beans.factory.support.AbstractAutowireCapableBeanFactory.initializeBean(AbstractAutowireCapableBeanFactory.java:1800)
	... 14 common frames omitted
2023-06-17 00:28:36,334 INFO org.springframework.boot.StartupInfoLogger [main] Starting GescolariteApplication using Java 1.8.0_191 on ASP-5QCNZH3 with PID 15752 (E:\cigma\JAVA\JAVA_PROJECTS\PFE-Repository\target\classes started by youssefkarfouh in E:\cigma\JAVA\JAVA_PROJECTS\PFE-Repository)
2023-06-17 00:28:36,337 DEBUG org.springframework.boot.StartupInfoLogger [main] Running with Spring Boot v2.7.12, Spring v5.3.27
2023-06-17 00:28:36,337 INFO org.springframework.boot.SpringApplication [main] The following 1 profile is active: "dev"
2023-06-17 00:28:37,259 INFO org.springframework.data.repository.config.RepositoryConfigurationDelegate [main] Bootstrapping Spring Data JPA repositories in DEFAULT mode.
2023-06-17 00:28:37,333 INFO org.springframework.data.repository.config.RepositoryConfigurationDelegate [main] Finished Spring Data repository scanning in 61 ms. Found 3 JPA repository interfaces.
2023-06-17 00:28:38,035 INFO org.springframework.boot.web.embedded.tomcat.TomcatWebServer [main] Tomcat initialized with port(s): 8092 (http)
2023-06-17 00:28:38,047 INFO org.apache.juli.logging.DirectJDKLog [main] Initializing ProtocolHandler ["http-nio-8092"]
2023-06-17 00:28:38,047 INFO org.apache.juli.logging.DirectJDKLog [main] Starting service [Tomcat]
2023-06-17 00:28:38,048 INFO org.apache.juli.logging.DirectJDKLog [main] Starting Servlet engine: [Apache Tomcat/9.0.75]
2023-06-17 00:28:38,253 INFO org.apache.juli.logging.DirectJDKLog [main] Initializing Spring embedded WebApplicationContext
2023-06-17 00:28:38,253 INFO org.springframework.boot.web.servlet.context.ServletWebServerApplicationContext [main] Root WebApplicationContext: initialization completed in 1853 ms
2023-06-17 00:28:38,797 INFO com.zaxxer.hikari.HikariDataSource [main] HikariPool-1 - Starting...
2023-06-17 00:28:38,956 INFO com.zaxxer.hikari.HikariDataSource [main] HikariPool-1 - Start completed.
2023-06-17 00:28:39,123 ERROR org.springframework.orm.jpa.AbstractEntityManagerFactoryBean [main] Failed to initialize JPA EntityManagerFactory: An entity cannot be annotated with both @Entity and @MappedSuperclass: ma.geo.gescolarite.entities.UserEntity
2023-06-17 00:28:39,124 WARN org.springframework.context.support.AbstractApplicationContext [main] Exception encountered during context initialization - cancelling refresh attempt: org.springframework.beans.factory.BeanCreationException: Error creating bean with name 'entityManagerFactory' defined in class path resource [org/springframework/boot/autoconfigure/orm/jpa/HibernateJpaConfiguration.class]: Invocation of init method failed; nested exception is org.hibernate.AnnotationException: An entity cannot be annotated with both @Entity and @MappedSuperclass: ma.geo.gescolarite.entities.UserEntity
2023-06-17 00:28:39,124 INFO com.zaxxer.hikari.HikariDataSource [main] HikariPool-1 - Shutdown initiated...
2023-06-17 00:28:39,132 INFO com.zaxxer.hikari.HikariDataSource [main] HikariPool-1 - Shutdown completed.
2023-06-17 00:28:39,134 INFO org.apache.juli.logging.DirectJDKLog [main] Stopping service [Tomcat]
2023-06-17 00:28:39,143 INFO org.springframework.boot.autoconfigure.logging.ConditionEvaluationReportLoggingListener [main] 

Error starting ApplicationContext. To display the conditions report re-run your application with 'debug' enabled.
2023-06-17 00:28:39,163 ERROR org.springframework.boot.SpringApplication [main] Application run failed
org.springframework.beans.factory.BeanCreationException: Error creating bean with name 'entityManagerFactory' defined in class path resource [org/springframework/boot/autoconfigure/orm/jpa/HibernateJpaConfiguration.class]: Invocation of init method failed; nested exception is org.hibernate.AnnotationException: An entity cannot be annotated with both @Entity and @MappedSuperclass: ma.geo.gescolarite.entities.UserEntity
	at org.springframework.beans.factory.support.AbstractAutowireCapableBeanFactory.initializeBean(AbstractAutowireCapableBeanFactory.java:1804)
	at org.springframework.beans.factory.support.AbstractAutowireCapableBeanFactory.doCreateBean(AbstractAutowireCapableBeanFactory.java:620)
	at org.springframework.beans.factory.support.AbstractAutowireCapableBeanFactory.createBean(AbstractAutowireCapableBeanFactory.java:542)
	at org.springframework.beans.factory.support.AbstractBeanFactory.lambda$doGetBean$0(AbstractBeanFactory.java:335)
	at org.springframework.beans.factory.support.DefaultSingletonBeanRegistry.getSingleton(DefaultSingletonBeanRegistry.java:234)
	at org.springframework.beans.factory.support.AbstractBeanFactory.doGetBean(AbstractBeanFactory.java:333)
	at org.springframework.beans.factory.support.AbstractBeanFactory.getBean(AbstractBeanFactory.java:208)
	at org.springframework.context.support.AbstractApplicationContext.getBean(AbstractApplicationContext.java:1156)
	at org.springframework.context.support.AbstractApplicationContext.finishBeanFactoryInitialization(AbstractApplicationContext.java:910)
	at org.springframework.context.support.AbstractApplicationContext.refresh(AbstractApplicationContext.java:583)
	at org.springframework.boot.web.servlet.context.ServletWebServerApplicationContext.refresh(ServletWebServerApplicationContext.java:147)
	at org.springframework.boot.SpringApplication.refresh(SpringApplication.java:731)
	at org.springframework.boot.SpringApplication.refreshContext(SpringApplication.java:408)
	at org.springframework.boot.SpringApplication.run(SpringApplication.java:307)
	at ma.geo.gescolarite.GescolariteApplication.main(GescolariteApplication.java:22)
Caused by: org.hibernate.AnnotationException: An entity cannot be annotated with both @Entity and @MappedSuperclass: ma.geo.gescolarite.entities.UserEntity
	at org.hibernate.cfg.AnnotationBinder.bindClass(AnnotationBinder.java:523)
	at org.hibernate.boot.model.source.internal.annotations.AnnotationMetadataSourceProcessorImpl.processEntityHierarchies(AnnotationMetadataSourceProcessorImpl.java:225)
	at org.hibernate.boot.model.process.spi.MetadataBuildingProcess$1.processEntityHierarchies(MetadataBuildingProcess.java:239)
	at org.hibernate.boot.model.process.spi.MetadataBuildingProcess.complete(MetadataBuildingProcess.java:282)
	at org.hibernate.jpa.boot.internal.EntityManagerFactoryBuilderImpl.metadata(EntityManagerFactoryBuilderImpl.java:1460)
	at org.hibernate.jpa.boot.internal.EntityManagerFactoryBuilderImpl.build(EntityManagerFactoryBuilderImpl.java:1494)
	at org.springframework.orm.jpa.vendor.SpringHibernateJpaPersistenceProvider.createContainerEntityManagerFactory(SpringHibernateJpaPersistenceProvider.java:58)
	at org.springframework.orm.jpa.LocalContainerEntityManagerFactoryBean.createNativeEntityManagerFactory(LocalContainerEntityManagerFactoryBean.java:365)
	at org.springframework.orm.jpa.AbstractEntityManagerFactoryBean.buildNativeEntityManagerFactory(AbstractEntityManagerFactoryBean.java:409)
	at org.springframework.orm.jpa.AbstractEntityManagerFactoryBean.afterPropertiesSet(AbstractEntityManagerFactoryBean.java:396)
	at org.springframework.orm.jpa.LocalContainerEntityManagerFactoryBean.afterPropertiesSet(LocalContainerEntityManagerFactoryBean.java:341)
	at org.springframework.beans.factory.support.AbstractAutowireCapableBeanFactory.invokeInitMethods(AbstractAutowireCapableBeanFactory.java:1863)
	at org.springframework.beans.factory.support.AbstractAutowireCapableBeanFactory.initializeBean(AbstractAutowireCapableBeanFactory.java:1800)
	... 14 common frames omitted
2023-06-17 00:29:13,825 INFO org.springframework.boot.StartupInfoLogger [main] Starting GescolariteApplication using Java 1.8.0_191 on ASP-5QCNZH3 with PID 15680 (E:\cigma\JAVA\JAVA_PROJECTS\PFE-Repository\target\classes started by youssefkarfouh in E:\cigma\JAVA\JAVA_PROJECTS\PFE-Repository)
2023-06-17 00:29:13,828 DEBUG org.springframework.boot.StartupInfoLogger [main] Running with Spring Boot v2.7.12, Spring v5.3.27
2023-06-17 00:29:13,829 INFO org.springframework.boot.SpringApplication [main] The following 1 profile is active: "dev"
2023-06-17 00:29:14,714 INFO org.springframework.data.repository.config.RepositoryConfigurationDelegate [main] Bootstrapping Spring Data JPA repositories in DEFAULT mode.
2023-06-17 00:29:14,780 INFO org.springframework.data.repository.config.RepositoryConfigurationDelegate [main] Finished Spring Data repository scanning in 56 ms. Found 3 JPA repository interfaces.
2023-06-17 00:29:15,468 INFO org.springframework.boot.web.embedded.tomcat.TomcatWebServer [main] Tomcat initialized with port(s): 8092 (http)
2023-06-17 00:29:15,481 INFO org.apache.juli.logging.DirectJDKLog [main] Initializing ProtocolHandler ["http-nio-8092"]
2023-06-17 00:29:15,481 INFO org.apache.juli.logging.DirectJDKLog [main] Starting service [Tomcat]
2023-06-17 00:29:15,481 INFO org.apache.juli.logging.DirectJDKLog [main] Starting Servlet engine: [Apache Tomcat/9.0.75]
2023-06-17 00:29:15,675 INFO org.apache.juli.logging.DirectJDKLog [main] Initializing Spring embedded WebApplicationContext
2023-06-17 00:29:15,676 INFO org.springframework.boot.web.servlet.context.ServletWebServerApplicationContext [main] Root WebApplicationContext: initialization completed in 1782 ms
2023-06-17 00:29:16,205 INFO com.zaxxer.hikari.HikariDataSource [main] HikariPool-1 - Starting...
2023-06-17 00:29:16,345 INFO com.zaxxer.hikari.HikariDataSource [main] HikariPool-1 - Start completed.
2023-06-17 00:29:16,511 ERROR org.springframework.orm.jpa.AbstractEntityManagerFactoryBean [main] Failed to initialize JPA EntityManagerFactory: @OneToOne or @ManyToOne on ma.geo.gescolarite.entities.TeacherEntity.matiere references an unknown entity: ma.geo.gescolarite.entities.MatiereEntity
2023-06-17 00:29:16,512 WARN org.springframework.context.support.AbstractApplicationContext [main] Exception encountered during context initialization - cancelling refresh attempt: org.springframework.beans.factory.BeanCreationException: Error creating bean with name 'entityManagerFactory' defined in class path resource [org/springframework/boot/autoconfigure/orm/jpa/HibernateJpaConfiguration.class]: Invocation of init method failed; nested exception is org.hibernate.AnnotationException: @OneToOne or @ManyToOne on ma.geo.gescolarite.entities.TeacherEntity.matiere references an unknown entity: ma.geo.gescolarite.entities.MatiereEntity
2023-06-17 00:29:16,512 INFO com.zaxxer.hikari.HikariDataSource [main] HikariPool-1 - Shutdown initiated...
2023-06-17 00:29:16,519 INFO com.zaxxer.hikari.HikariDataSource [main] HikariPool-1 - Shutdown completed.
2023-06-17 00:29:16,521 INFO org.apache.juli.logging.DirectJDKLog [main] Stopping service [Tomcat]
2023-06-17 00:29:16,529 INFO org.springframework.boot.autoconfigure.logging.ConditionEvaluationReportLoggingListener [main] 

Error starting ApplicationContext. To display the conditions report re-run your application with 'debug' enabled.
2023-06-17 00:29:16,547 ERROR org.springframework.boot.SpringApplication [main] Application run failed
org.springframework.beans.factory.BeanCreationException: Error creating bean with name 'entityManagerFactory' defined in class path resource [org/springframework/boot/autoconfigure/orm/jpa/HibernateJpaConfiguration.class]: Invocation of init method failed; nested exception is org.hibernate.AnnotationException: @OneToOne or @ManyToOne on ma.geo.gescolarite.entities.TeacherEntity.matiere references an unknown entity: ma.geo.gescolarite.entities.MatiereEntity
	at org.springframework.beans.factory.support.AbstractAutowireCapableBeanFactory.initializeBean(AbstractAutowireCapableBeanFactory.java:1804)
	at org.springframework.beans.factory.support.AbstractAutowireCapableBeanFactory.doCreateBean(AbstractAutowireCapableBeanFactory.java:620)
	at org.springframework.beans.factory.support.AbstractAutowireCapableBeanFactory.createBean(AbstractAutowireCapableBeanFactory.java:542)
	at org.springframework.beans.factory.support.AbstractBeanFactory.lambda$doGetBean$0(AbstractBeanFactory.java:335)
	at org.springframework.beans.factory.support.DefaultSingletonBeanRegistry.getSingleton(DefaultSingletonBeanRegistry.java:234)
	at org.springframework.beans.factory.support.AbstractBeanFactory.doGetBean(AbstractBeanFactory.java:333)
	at org.springframework.beans.factory.support.AbstractBeanFactory.getBean(AbstractBeanFactory.java:208)
	at org.springframework.context.support.AbstractApplicationContext.getBean(AbstractApplicationContext.java:1156)
	at org.springframework.context.support.AbstractApplicationContext.finishBeanFactoryInitialization(AbstractApplicationContext.java:910)
	at org.springframework.context.support.AbstractApplicationContext.refresh(AbstractApplicationContext.java:583)
	at org.springframework.boot.web.servlet.context.ServletWebServerApplicationContext.refresh(ServletWebServerApplicationContext.java:147)
	at org.springframework.boot.SpringApplication.refresh(SpringApplication.java:731)
	at org.springframework.boot.SpringApplication.refreshContext(SpringApplication.java:408)
	at org.springframework.boot.SpringApplication.run(SpringApplication.java:307)
	at ma.geo.gescolarite.GescolariteApplication.main(GescolariteApplication.java:22)
Caused by: org.hibernate.AnnotationException: @OneToOne or @ManyToOne on ma.geo.gescolarite.entities.TeacherEntity.matiere references an unknown entity: ma.geo.gescolarite.entities.MatiereEntity
	at org.hibernate.cfg.ToOneFkSecondPass.doSecondPass(ToOneFkSecondPass.java:100)
	at org.hibernate.boot.internal.InFlightMetadataCollectorImpl.processEndOfQueue(InFlightMetadataCollectorImpl.java:1750)
	at org.hibernate.boot.internal.InFlightMetadataCollectorImpl.processFkSecondPassesInOrder(InFlightMetadataCollectorImpl.java:1694)
	at org.hibernate.boot.internal.InFlightMetadataCollectorImpl.processSecondPasses(InFlightMetadataCollectorImpl.java:1623)
	at org.hibernate.boot.model.process.spi.MetadataBuildingProcess.complete(MetadataBuildingProcess.java:295)
	at org.hibernate.jpa.boot.internal.EntityManagerFactoryBuilderImpl.metadata(EntityManagerFactoryBuilderImpl.java:1460)
	at org.hibernate.jpa.boot.internal.EntityManagerFactoryBuilderImpl.build(EntityManagerFactoryBuilderImpl.java:1494)
	at org.springframework.orm.jpa.vendor.SpringHibernateJpaPersistenceProvider.createContainerEntityManagerFactory(SpringHibernateJpaPersistenceProvider.java:58)
	at org.springframework.orm.jpa.LocalContainerEntityManagerFactoryBean.createNativeEntityManagerFactory(LocalContainerEntityManagerFactoryBean.java:365)
	at org.springframework.orm.jpa.AbstractEntityManagerFactoryBean.buildNativeEntityManagerFactory(AbstractEntityManagerFactoryBean.java:409)
	at org.springframework.orm.jpa.AbstractEntityManagerFactoryBean.afterPropertiesSet(AbstractEntityManagerFactoryBean.java:396)
	at org.springframework.orm.jpa.LocalContainerEntityManagerFactoryBean.afterPropertiesSet(LocalContainerEntityManagerFactoryBean.java:341)
	at org.springframework.beans.factory.support.AbstractAutowireCapableBeanFactory.invokeInitMethods(AbstractAutowireCapableBeanFactory.java:1863)
	at org.springframework.beans.factory.support.AbstractAutowireCapableBeanFactory.initializeBean(AbstractAutowireCapableBeanFactory.java:1800)
	... 14 common frames omitted
2023-06-17 00:31:04,306 INFO org.springframework.boot.StartupInfoLogger [main] Starting GescolariteApplication using Java 1.8.0_191 on ASP-5QCNZH3 with PID 13916 (E:\cigma\JAVA\JAVA_PROJECTS\PFE-Repository\target\classes started by youssefkarfouh in E:\cigma\JAVA\JAVA_PROJECTS\PFE-Repository)
2023-06-17 00:31:04,308 DEBUG org.springframework.boot.StartupInfoLogger [main] Running with Spring Boot v2.7.12, Spring v5.3.27
2023-06-17 00:31:04,310 INFO org.springframework.boot.SpringApplication [main] The following 1 profile is active: "dev"
2023-06-17 00:31:05,120 INFO org.springframework.data.repository.config.RepositoryConfigurationDelegate [main] Bootstrapping Spring Data JPA repositories in DEFAULT mode.
2023-06-17 00:31:05,178 INFO org.springframework.data.repository.config.RepositoryConfigurationDelegate [main] Finished Spring Data repository scanning in 50 ms. Found 3 JPA repository interfaces.
2023-06-17 00:31:05,911 INFO org.springframework.boot.web.embedded.tomcat.TomcatWebServer [main] Tomcat initialized with port(s): 8092 (http)
2023-06-17 00:31:05,921 INFO org.apache.juli.logging.DirectJDKLog [main] Initializing ProtocolHandler ["http-nio-8092"]
2023-06-17 00:31:05,921 INFO org.apache.juli.logging.DirectJDKLog [main] Starting service [Tomcat]
2023-06-17 00:31:05,921 INFO org.apache.juli.logging.DirectJDKLog [main] Starting Servlet engine: [Apache Tomcat/9.0.75]
2023-06-17 00:31:06,137 INFO org.apache.juli.logging.DirectJDKLog [main] Initializing Spring embedded WebApplicationContext
2023-06-17 00:31:06,138 INFO org.springframework.boot.web.servlet.context.ServletWebServerApplicationContext [main] Root WebApplicationContext: initialization completed in 1761 ms
2023-06-17 00:31:06,617 INFO com.zaxxer.hikari.HikariDataSource [main] HikariPool-1 - Starting...
2023-06-17 00:31:06,766 INFO com.zaxxer.hikari.HikariDataSource [main] HikariPool-1 - Start completed.
2023-06-17 00:31:07,782 INFO org.springframework.orm.jpa.AbstractEntityManagerFactoryBean [main] Initialized JPA EntityManagerFactory for persistence unit 'default'
2023-06-17 00:31:08,414 WARN org.springframework.boot.autoconfigure.orm.jpa.JpaBaseConfiguration$JpaWebConfiguration [main] spring.jpa.open-in-view is enabled by default. Therefore, database queries may be performed during view rendering. Explicitly configure spring.jpa.open-in-view to disable this warning
2023-06-17 00:31:08,694 DEBUG org.springframework.web.servlet.handler.AbstractHandlerMethodMapping [main] 13 mappings in 'requestMappingHandlerMapping'
2023-06-17 00:31:08,916 DEBUG org.springframework.web.servlet.mvc.method.annotation.RequestMappingHandlerAdapter [main] ControllerAdvice beans: 0 @ModelAttribute, 0 @InitBinder, 1 RequestBodyAdvice, 1 ResponseBodyAdvice
2023-06-17 00:31:08,964 DEBUG org.springframework.web.servlet.handler.SimpleUrlHandlerMapping [main] Patterns [/swagger-ui/] in 'viewControllerHandlerMapping'
2023-06-17 00:31:08,983 DEBUG org.springframework.web.servlet.handler.SimpleUrlHandlerMapping [main] Patterns [/webjars/**, /**, /swagger-ui/**] in 'resourceHandlerMapping'
2023-06-17 00:31:08,991 DEBUG org.springframework.web.servlet.mvc.method.annotation.ExceptionHandlerExceptionResolver [main] ControllerAdvice beans: 0 @ExceptionHandler, 1 ResponseBodyAdvice
2023-06-17 00:31:09,082 INFO org.apache.juli.logging.DirectJDKLog [main] Starting ProtocolHandler ["http-nio-8092"]
2023-06-17 00:31:09,105 INFO org.springframework.boot.web.embedded.tomcat.TomcatWebServer [main] Tomcat started on port(s): 8092 (http) with context path ''
2023-06-17 00:31:09,368 INFO org.springframework.boot.StartupInfoLogger [main] Started GescolariteApplication in 5.514 seconds (JVM running for 6.049)
2023-06-17 00:31:09,372 INFO ma.geo.gescolarite.GescolariteApplication [main] Access URLs:
----------------------------------------------------------
	Local: 		http://127.0.0.1:8092/swagger-ui/#/
	External: 	http://192.168.1.110:8092/swagger-ui/#/
----------------------------------------------------------
2023-06-17 00:31:14,230 INFO org.apache.juli.logging.DirectJDKLog [http-nio-8092-exec-2] Initializing Spring DispatcherServlet 'dispatcherServlet'
2023-06-17 00:31:14,231 INFO org.springframework.web.servlet.FrameworkServlet [http-nio-8092-exec-2] Initializing Servlet 'dispatcherServlet'
2023-06-17 00:31:14,231 DEBUG org.springframework.web.servlet.DispatcherServlet [http-nio-8092-exec-2] Detected StandardServletMultipartResolver
2023-06-17 00:31:14,231 DEBUG org.springframework.web.servlet.DispatcherServlet [http-nio-8092-exec-2] Detected AcceptHeaderLocaleResolver
2023-06-17 00:31:14,232 DEBUG org.springframework.web.servlet.DispatcherServlet [http-nio-8092-exec-2] Detected FixedThemeResolver
2023-06-17 00:31:14,236 DEBUG org.springframework.web.servlet.DispatcherServlet [http-nio-8092-exec-2] Detected org.springframework.web.servlet.view.DefaultRequestToViewNameTranslator@35cbeb54
2023-06-17 00:31:14,237 DEBUG org.springframework.web.servlet.DispatcherServlet [http-nio-8092-exec-2] Detected org.springframework.web.servlet.support.SessionFlashMapManager@59c08cf1
2023-06-17 00:31:14,237 DEBUG org.springframework.web.servlet.FrameworkServlet [http-nio-8092-exec-2] enableLoggingRequestDetails='false': request parameters and headers will be masked to prevent unsafe logging of potentially sensitive data
2023-06-17 00:31:14,237 INFO org.springframework.web.servlet.FrameworkServlet [http-nio-8092-exec-2] Completed initialization in 6 ms
2023-06-17 00:31:14,251 DEBUG org.springframework.core.log.LogFormatUtils [http-nio-8092-exec-2] GET "/swagger-ui/", parameters={}
2023-06-17 00:31:14,260 DEBUG org.springframework.web.servlet.handler.AbstractHandlerMapping [http-nio-8092-exec-2] Mapped to ParameterizableViewController [view="forward:/swagger-ui/index.html"]
2023-06-17 00:31:14,271 DEBUG org.springframework.web.servlet.view.ContentNegotiatingViewResolver [http-nio-8092-exec-2] Selected 'text/html' given [text/html, application/xhtml+xml, image/avif, image/webp, image/apng, application/xml;q=0.9, application/signed-exchange;v=b3;q=0.7, */*;q=0.8]
2023-06-17 00:31:14,271 DEBUG org.springframework.web.servlet.view.AbstractView [http-nio-8092-exec-2] View name 'forward:', model {}
2023-06-17 00:31:14,273 DEBUG org.springframework.web.servlet.view.InternalResourceView [http-nio-8092-exec-2] Forwarding to [/swagger-ui/index.html]
2023-06-17 00:31:14,278 DEBUG org.springframework.core.log.LogFormatUtils [http-nio-8092-exec-2] "FORWARD" dispatch for GET "/swagger-ui/index.html", parameters={}
2023-06-17 00:31:14,281 DEBUG org.springframework.web.servlet.handler.AbstractHandlerMapping [http-nio-8092-exec-2] Mapped to ResourceHttpRequestHandler [classpath [META-INF/resources/webjars/springfox-swagger-ui/]]
2023-06-17 00:31:14,296 DEBUG org.springframework.web.servlet.FrameworkServlet [http-nio-8092-exec-2] Exiting from "FORWARD" dispatch, status 200
2023-06-17 00:31:14,297 DEBUG org.springframework.web.servlet.FrameworkServlet [http-nio-8092-exec-2] Completed 200 OK
2023-06-17 00:31:14,307 DEBUG org.springframework.core.log.LogFormatUtils [http-nio-8092-exec-1] GET "/swagger-ui/springfox.css?v=3.0.0", parameters={masked}
2023-06-17 00:31:14,325 DEBUG org.springframework.web.servlet.handler.AbstractHandlerMapping [http-nio-8092-exec-1] Mapped to ResourceHttpRequestHandler [classpath [META-INF/resources/webjars/springfox-swagger-ui/]]
2023-06-17 00:31:14,326 DEBUG org.springframework.core.log.LogFormatUtils [http-nio-8092-exec-3] GET "/swagger-ui/swagger-ui.css?v=3.0.0", parameters={masked}
2023-06-17 00:31:14,327 DEBUG org.springframework.web.servlet.handler.AbstractHandlerMapping [http-nio-8092-exec-3] Mapped to ResourceHttpRequestHandler [classpath [META-INF/resources/webjars/springfox-swagger-ui/]]
2023-06-17 00:31:14,326 DEBUG org.springframework.core.log.LogFormatUtils [http-nio-8092-exec-4] GET "/swagger-ui/swagger-ui-bundle.js?v=3.0.0", parameters={masked}
2023-06-17 00:31:14,328 DEBUG org.springframework.web.servlet.handler.AbstractHandlerMapping [http-nio-8092-exec-4] Mapped to ResourceHttpRequestHandler [classpath [META-INF/resources/webjars/springfox-swagger-ui/]]
2023-06-17 00:31:14,329 DEBUG org.springframework.core.log.LogFormatUtils [http-nio-8092-exec-5] GET "/swagger-ui/swagger-ui-standalone-preset.js?v=3.0.0", parameters={masked}
2023-06-17 00:31:14,329 DEBUG org.springframework.core.log.LogFormatUtils [http-nio-8092-exec-6] GET "/swagger-ui/springfox.js?v=3.0.0", parameters={masked}
2023-06-17 00:31:14,331 DEBUG org.springframework.web.servlet.handler.AbstractHandlerMapping [http-nio-8092-exec-6] Mapped to ResourceHttpRequestHandler [classpath [META-INF/resources/webjars/springfox-swagger-ui/]]
2023-06-17 00:31:14,331 DEBUG org.springframework.web.servlet.handler.AbstractHandlerMapping [http-nio-8092-exec-5] Mapped to ResourceHttpRequestHandler [classpath [META-INF/resources/webjars/springfox-swagger-ui/]]
2023-06-17 00:31:14,333 DEBUG org.springframework.web.servlet.FrameworkServlet [http-nio-8092-exec-1] Completed 200 OK
2023-06-17 00:31:14,336 DEBUG org.springframework.web.servlet.FrameworkServlet [http-nio-8092-exec-3] Completed 200 OK
2023-06-17 00:31:14,341 DEBUG org.springframework.web.servlet.FrameworkServlet [http-nio-8092-exec-6] Completed 200 OK
2023-06-17 00:31:14,344 DEBUG org.springframework.web.servlet.FrameworkServlet [http-nio-8092-exec-5] Completed 200 OK
2023-06-17 00:31:14,352 DEBUG org.springframework.web.servlet.FrameworkServlet [http-nio-8092-exec-4] Completed 200 OK
2023-06-17 00:31:14,474 DEBUG org.springframework.core.log.LogFormatUtils [http-nio-8092-exec-7] GET "/swagger-resources/configuration/ui", parameters={}
2023-06-17 00:31:14,476 DEBUG org.springframework.web.servlet.handler.AbstractHandlerMapping [http-nio-8092-exec-7] Mapped to springfox.documentation.swagger.web.ApiResourceController#uiConfiguration()
2023-06-17 00:31:14,476 DEBUG org.springframework.core.log.LogFormatUtils [http-nio-8092-exec-8] GET "/swagger-ui/favicon-32x32.png?v=3.0.0", parameters={masked}
2023-06-17 00:31:14,477 DEBUG org.springframework.web.servlet.handler.AbstractHandlerMapping [http-nio-8092-exec-8] Mapped to ResourceHttpRequestHandler [classpath [META-INF/resources/webjars/springfox-swagger-ui/]]
2023-06-17 00:31:14,481 DEBUG org.springframework.web.servlet.FrameworkServlet [http-nio-8092-exec-8] Completed 200 OK
2023-06-17 00:31:14,490 DEBUG org.springframework.web.servlet.mvc.method.annotation.AbstractMessageConverterMethodProcessor [http-nio-8092-exec-7] Using 'application/json', given [application/json] and supported [application/json]
2023-06-17 00:31:14,515 DEBUG org.springframework.core.log.LogFormatUtils [http-nio-8092-exec-7] Writing [springfox.documentation.swagger.web.UiConfiguration@46001232]
2023-06-17 00:31:14,529 DEBUG org.springframework.web.servlet.FrameworkServlet [http-nio-8092-exec-7] Completed 200 OK
2023-06-17 00:31:14,531 DEBUG org.springframework.core.log.LogFormatUtils [http-nio-8092-exec-9] GET "/swagger-resources/configuration/security", parameters={}
2023-06-17 00:31:14,531 DEBUG org.springframework.web.servlet.handler.AbstractHandlerMapping [http-nio-8092-exec-9] Mapped to springfox.documentation.swagger.web.ApiResourceController#securityConfiguration()
2023-06-17 00:31:14,532 DEBUG org.springframework.web.servlet.mvc.method.annotation.AbstractMessageConverterMethodProcessor [http-nio-8092-exec-9] Using 'application/json', given [application/json] and supported [application/json]
2023-06-17 00:31:14,535 DEBUG org.springframework.core.log.LogFormatUtils [http-nio-8092-exec-9] Writing [springfox.documentation.swagger.web.SecurityConfiguration@42eb0867]
2023-06-17 00:31:14,536 DEBUG org.springframework.web.servlet.FrameworkServlet [http-nio-8092-exec-9] Completed 200 OK
2023-06-17 00:31:14,539 DEBUG org.springframework.core.log.LogFormatUtils [http-nio-8092-exec-10] GET "/swagger-resources", parameters={}
2023-06-17 00:31:14,539 DEBUG org.springframework.web.servlet.handler.AbstractHandlerMapping [http-nio-8092-exec-10] Mapped to springfox.documentation.swagger.web.ApiResourceController#swaggerResources()
2023-06-17 00:31:14,540 DEBUG org.springframework.web.servlet.mvc.method.annotation.AbstractMessageConverterMethodProcessor [http-nio-8092-exec-10] Using 'application/json', given [application/json] and supported [application/json]
2023-06-17 00:31:14,542 DEBUG org.springframework.core.log.LogFormatUtils [http-nio-8092-exec-10] Writing [[springfox.documentation.swagger.web.SwaggerResource@1fae069c]]
2023-06-17 00:31:14,544 DEBUG org.springframework.web.servlet.FrameworkServlet [http-nio-8092-exec-10] Completed 200 OK
2023-06-17 00:31:14,567 DEBUG org.springframework.core.log.LogFormatUtils [http-nio-8092-exec-2] GET "/v2/api-docs", parameters={}
2023-06-17 00:31:14,567 DEBUG org.springframework.web.servlet.handler.AbstractHandlerMapping [http-nio-8092-exec-2] Mapped to springfox.documentation.swagger2.web.Swagger2ControllerWebMvc#getDocumentation(String, HttpServletRequest)
2023-06-17 00:31:14,695 DEBUG org.springframework.web.servlet.mvc.method.annotation.AbstractMessageConverterMethodProcessor [http-nio-8092-exec-2] Using 'application/json', given [application/json, */*] and supported [application/json, application/hal+json]
2023-06-17 00:31:14,697 DEBUG org.springframework.core.log.LogFormatUtils [http-nio-8092-exec-2] Writing [springfox.documentation.spring.web.json.Json@6497feca]
2023-06-17 00:31:14,699 DEBUG org.springframework.web.servlet.FrameworkServlet [http-nio-8092-exec-2] Completed 200 OK
2023-06-17 00:39:48,606 INFO org.springframework.orm.jpa.AbstractEntityManagerFactoryBean [SpringApplicationShutdownHook] Closing JPA EntityManagerFactory for persistence unit 'default'
2023-06-17 00:39:48,622 INFO com.zaxxer.hikari.HikariDataSource [SpringApplicationShutdownHook] HikariPool-1 - Shutdown initiated...
2023-06-17 00:39:48,642 INFO com.zaxxer.hikari.HikariDataSource [SpringApplicationShutdownHook] HikariPool-1 - Shutdown completed.
2023-06-17 00:40:29,526 INFO org.springframework.boot.StartupInfoLogger [main] Starting GescolariteApplication using Java 1.8.0_191 on ASP-5QCNZH3 with PID 14148 (E:\cigma\JAVA\JAVA_PROJECTS\PFE-Repository\target\classes started by youssefkarfouh in E:\cigma\JAVA\JAVA_PROJECTS\PFE-Repository)
2023-06-17 00:40:29,530 DEBUG org.springframework.boot.StartupInfoLogger [main] Running with Spring Boot v2.7.12, Spring v5.3.27
2023-06-17 00:40:29,530 INFO org.springframework.boot.SpringApplication [main] The following 1 profile is active: "dev"
2023-06-17 00:40:30,416 INFO org.springframework.data.repository.config.RepositoryConfigurationDelegate [main] Bootstrapping Spring Data JPA repositories in DEFAULT mode.
2023-06-17 00:40:30,488 INFO org.springframework.data.repository.config.RepositoryConfigurationDelegate [main] Finished Spring Data repository scanning in 61 ms. Found 3 JPA repository interfaces.
2023-06-17 00:40:31,270 INFO org.springframework.boot.web.embedded.tomcat.TomcatWebServer [main] Tomcat initialized with port(s): 8092 (http)
2023-06-17 00:40:31,280 INFO org.apache.juli.logging.DirectJDKLog [main] Initializing ProtocolHandler ["http-nio-8092"]
2023-06-17 00:40:31,281 INFO org.apache.juli.logging.DirectJDKLog [main] Starting service [Tomcat]
2023-06-17 00:40:31,281 INFO org.apache.juli.logging.DirectJDKLog [main] Starting Servlet engine: [Apache Tomcat/9.0.75]
2023-06-17 00:40:31,435 INFO org.apache.juli.logging.DirectJDKLog [main] Initializing Spring embedded WebApplicationContext
2023-06-17 00:40:31,435 INFO org.springframework.boot.web.servlet.context.ServletWebServerApplicationContext [main] Root WebApplicationContext: initialization completed in 1843 ms
2023-06-17 00:40:32,036 INFO com.zaxxer.hikari.HikariDataSource [main] HikariPool-1 - Starting...
2023-06-17 00:40:32,197 INFO com.zaxxer.hikari.HikariDataSource [main] HikariPool-1 - Start completed.
2023-06-17 00:40:32,379 ERROR org.springframework.orm.jpa.AbstractEntityManagerFactoryBean [main] Failed to initialize JPA EntityManagerFactory: No identifier specified for entity: ma.geo.gescolarite.entities.StudentEntity
2023-06-17 00:40:32,380 WARN org.springframework.context.support.AbstractApplicationContext [main] Exception encountered during context initialization - cancelling refresh attempt: org.springframework.beans.factory.BeanCreationException: Error creating bean with name 'entityManagerFactory' defined in class path resource [org/springframework/boot/autoconfigure/orm/jpa/HibernateJpaConfiguration.class]: Invocation of init method failed; nested exception is org.hibernate.AnnotationException: No identifier specified for entity: ma.geo.gescolarite.entities.StudentEntity
2023-06-17 00:40:32,380 INFO com.zaxxer.hikari.HikariDataSource [main] HikariPool-1 - Shutdown initiated...
2023-06-17 00:40:32,386 INFO com.zaxxer.hikari.HikariDataSource [main] HikariPool-1 - Shutdown completed.
2023-06-17 00:40:32,388 INFO org.apache.juli.logging.DirectJDKLog [main] Stopping service [Tomcat]
2023-06-17 00:40:32,403 INFO org.springframework.boot.autoconfigure.logging.ConditionEvaluationReportLoggingListener [main] 

Error starting ApplicationContext. To display the conditions report re-run your application with 'debug' enabled.
2023-06-17 00:40:32,427 ERROR org.springframework.boot.SpringApplication [main] Application run failed
org.springframework.beans.factory.BeanCreationException: Error creating bean with name 'entityManagerFactory' defined in class path resource [org/springframework/boot/autoconfigure/orm/jpa/HibernateJpaConfiguration.class]: Invocation of init method failed; nested exception is org.hibernate.AnnotationException: No identifier specified for entity: ma.geo.gescolarite.entities.StudentEntity
	at org.springframework.beans.factory.support.AbstractAutowireCapableBeanFactory.initializeBean(AbstractAutowireCapableBeanFactory.java:1804)
	at org.springframework.beans.factory.support.AbstractAutowireCapableBeanFactory.doCreateBean(AbstractAutowireCapableBeanFactory.java:620)
	at org.springframework.beans.factory.support.AbstractAutowireCapableBeanFactory.createBean(AbstractAutowireCapableBeanFactory.java:542)
	at org.springframework.beans.factory.support.AbstractBeanFactory.lambda$doGetBean$0(AbstractBeanFactory.java:335)
	at org.springframework.beans.factory.support.DefaultSingletonBeanRegistry.getSingleton(DefaultSingletonBeanRegistry.java:234)
	at org.springframework.beans.factory.support.AbstractBeanFactory.doGetBean(AbstractBeanFactory.java:333)
	at org.springframework.beans.factory.support.AbstractBeanFactory.getBean(AbstractBeanFactory.java:208)
	at org.springframework.context.support.AbstractApplicationContext.getBean(AbstractApplicationContext.java:1156)
	at org.springframework.context.support.AbstractApplicationContext.finishBeanFactoryInitialization(AbstractApplicationContext.java:910)
	at org.springframework.context.support.AbstractApplicationContext.refresh(AbstractApplicationContext.java:583)
	at org.springframework.boot.web.servlet.context.ServletWebServerApplicationContext.refresh(ServletWebServerApplicationContext.java:147)
	at org.springframework.boot.SpringApplication.refresh(SpringApplication.java:731)
	at org.springframework.boot.SpringApplication.refreshContext(SpringApplication.java:408)
	at org.springframework.boot.SpringApplication.run(SpringApplication.java:307)
	at ma.geo.gescolarite.GescolariteApplication.main(GescolariteApplication.java:22)
Caused by: org.hibernate.AnnotationException: No identifier specified for entity: ma.geo.gescolarite.entities.StudentEntity
	at org.hibernate.cfg.InheritanceState.determineDefaultAccessType(InheritanceState.java:266)
	at org.hibernate.cfg.InheritanceState.getElementsToProcess(InheritanceState.java:211)
	at org.hibernate.cfg.AnnotationBinder.bindClass(AnnotationBinder.java:772)
	at org.hibernate.boot.model.source.internal.annotations.AnnotationMetadataSourceProcessorImpl.processEntityHierarchies(AnnotationMetadataSourceProcessorImpl.java:225)
	at org.hibernate.boot.model.process.spi.MetadataBuildingProcess$1.processEntityHierarchies(MetadataBuildingProcess.java:239)
	at org.hibernate.boot.model.process.spi.MetadataBuildingProcess.complete(MetadataBuildingProcess.java:282)
	at org.hibernate.jpa.boot.internal.EntityManagerFactoryBuilderImpl.metadata(EntityManagerFactoryBuilderImpl.java:1460)
	at org.hibernate.jpa.boot.internal.EntityManagerFactoryBuilderImpl.build(EntityManagerFactoryBuilderImpl.java:1494)
	at org.springframework.orm.jpa.vendor.SpringHibernateJpaPersistenceProvider.createContainerEntityManagerFactory(SpringHibernateJpaPersistenceProvider.java:58)
	at org.springframework.orm.jpa.LocalContainerEntityManagerFactoryBean.createNativeEntityManagerFactory(LocalContainerEntityManagerFactoryBean.java:365)
	at org.springframework.orm.jpa.AbstractEntityManagerFactoryBean.buildNativeEntityManagerFactory(AbstractEntityManagerFactoryBean.java:409)
	at org.springframework.orm.jpa.AbstractEntityManagerFactoryBean.afterPropertiesSet(AbstractEntityManagerFactoryBean.java:396)
	at org.springframework.orm.jpa.LocalContainerEntityManagerFactoryBean.afterPropertiesSet(LocalContainerEntityManagerFactoryBean.java:341)
	at org.springframework.beans.factory.support.AbstractAutowireCapableBeanFactory.invokeInitMethods(AbstractAutowireCapableBeanFactory.java:1863)
	at org.springframework.beans.factory.support.AbstractAutowireCapableBeanFactory.initializeBean(AbstractAutowireCapableBeanFactory.java:1800)
	... 14 common frames omitted
2023-06-17 00:48:48,633 INFO org.springframework.boot.StartupInfoLogger [main] Starting GescolariteApplication using Java 1.8.0_191 on ASP-5QCNZH3 with PID 3236 (E:\cigma\JAVA\JAVA_PROJECTS\PFE-Repository\target\classes started by youssefkarfouh in E:\cigma\JAVA\JAVA_PROJECTS\PFE-Repository)
2023-06-17 00:48:48,638 DEBUG org.springframework.boot.StartupInfoLogger [main] Running with Spring Boot v2.7.12, Spring v5.3.27
2023-06-17 00:48:48,638 INFO org.springframework.boot.SpringApplication [main] The following 1 profile is active: "dev"
2023-06-17 00:48:49,592 INFO org.springframework.data.repository.config.RepositoryConfigurationDelegate [main] Bootstrapping Spring Data JPA repositories in DEFAULT mode.
2023-06-17 00:48:49,661 INFO org.springframework.data.repository.config.RepositoryConfigurationDelegate [main] Finished Spring Data repository scanning in 59 ms. Found 3 JPA repository interfaces.
2023-06-17 00:48:50,367 INFO org.springframework.boot.web.embedded.tomcat.TomcatWebServer [main] Tomcat initialized with port(s): 8092 (http)
2023-06-17 00:48:50,377 INFO org.apache.juli.logging.DirectJDKLog [main] Initializing ProtocolHandler ["http-nio-8092"]
2023-06-17 00:48:50,377 INFO org.apache.juli.logging.DirectJDKLog [main] Starting service [Tomcat]
2023-06-17 00:48:50,377 INFO org.apache.juli.logging.DirectJDKLog [main] Starting Servlet engine: [Apache Tomcat/9.0.75]
2023-06-17 00:48:50,596 INFO org.apache.juli.logging.DirectJDKLog [main] Initializing Spring embedded WebApplicationContext
2023-06-17 00:48:50,596 INFO org.springframework.boot.web.servlet.context.ServletWebServerApplicationContext [main] Root WebApplicationContext: initialization completed in 1888 ms
2023-06-17 00:48:51,142 INFO com.zaxxer.hikari.HikariDataSource [main] HikariPool-1 - Starting...
2023-06-17 00:48:51,298 INFO com.zaxxer.hikari.HikariDataSource [main] HikariPool-1 - Start completed.
2023-06-17 00:48:51,855 ERROR org.springframework.orm.jpa.AbstractEntityManagerFactoryBean [main] Failed to initialize JPA EntityManagerFactory: [PersistenceUnit: default] Unable to build Hibernate SessionFactory; nested exception is org.hibernate.MappingException: Cannot use identity column key generation with <union-subclass> mapping for: ma.geo.gescolarite.entities.UserEntity
2023-06-17 00:48:51,856 WARN org.springframework.context.support.AbstractApplicationContext [main] Exception encountered during context initialization - cancelling refresh attempt: org.springframework.beans.factory.BeanCreationException: Error creating bean with name 'entityManagerFactory' defined in class path resource [org/springframework/boot/autoconfigure/orm/jpa/HibernateJpaConfiguration.class]: Invocation of init method failed; nested exception is javax.persistence.PersistenceException: [PersistenceUnit: default] Unable to build Hibernate SessionFactory; nested exception is org.hibernate.MappingException: Cannot use identity column key generation with <union-subclass> mapping for: ma.geo.gescolarite.entities.UserEntity
2023-06-17 00:48:51,856 INFO com.zaxxer.hikari.HikariDataSource [main] HikariPool-1 - Shutdown initiated...
2023-06-17 00:48:51,866 INFO com.zaxxer.hikari.HikariDataSource [main] HikariPool-1 - Shutdown completed.
2023-06-17 00:48:51,867 INFO org.apache.juli.logging.DirectJDKLog [main] Stopping service [Tomcat]
2023-06-17 00:48:51,881 INFO org.springframework.boot.autoconfigure.logging.ConditionEvaluationReportLoggingListener [main] 

Error starting ApplicationContext. To display the conditions report re-run your application with 'debug' enabled.
2023-06-17 00:48:51,905 ERROR org.springframework.boot.SpringApplication [main] Application run failed
org.springframework.beans.factory.BeanCreationException: Error creating bean with name 'entityManagerFactory' defined in class path resource [org/springframework/boot/autoconfigure/orm/jpa/HibernateJpaConfiguration.class]: Invocation of init method failed; nested exception is javax.persistence.PersistenceException: [PersistenceUnit: default] Unable to build Hibernate SessionFactory; nested exception is org.hibernate.MappingException: Cannot use identity column key generation with <union-subclass> mapping for: ma.geo.gescolarite.entities.UserEntity
	at org.springframework.beans.factory.support.AbstractAutowireCapableBeanFactory.initializeBean(AbstractAutowireCapableBeanFactory.java:1804)
	at org.springframework.beans.factory.support.AbstractAutowireCapableBeanFactory.doCreateBean(AbstractAutowireCapableBeanFactory.java:620)
	at org.springframework.beans.factory.support.AbstractAutowireCapableBeanFactory.createBean(AbstractAutowireCapableBeanFactory.java:542)
	at org.springframework.beans.factory.support.AbstractBeanFactory.lambda$doGetBean$0(AbstractBeanFactory.java:335)
	at org.springframework.beans.factory.support.DefaultSingletonBeanRegistry.getSingleton(DefaultSingletonBeanRegistry.java:234)
	at org.springframework.beans.factory.support.AbstractBeanFactory.doGetBean(AbstractBeanFactory.java:333)
	at org.springframework.beans.factory.support.AbstractBeanFactory.getBean(AbstractBeanFactory.java:208)
	at org.springframework.context.support.AbstractApplicationContext.getBean(AbstractApplicationContext.java:1156)
	at org.springframework.context.support.AbstractApplicationContext.finishBeanFactoryInitialization(AbstractApplicationContext.java:910)
	at org.springframework.context.support.AbstractApplicationContext.refresh(AbstractApplicationContext.java:583)
	at org.springframework.boot.web.servlet.context.ServletWebServerApplicationContext.refresh(ServletWebServerApplicationContext.java:147)
	at org.springframework.boot.SpringApplication.refresh(SpringApplication.java:731)
	at org.springframework.boot.SpringApplication.refreshContext(SpringApplication.java:408)
	at org.springframework.boot.SpringApplication.run(SpringApplication.java:307)
	at ma.geo.gescolarite.GescolariteApplication.main(GescolariteApplication.java:22)
Caused by: javax.persistence.PersistenceException: [PersistenceUnit: default] Unable to build Hibernate SessionFactory; nested exception is org.hibernate.MappingException: Cannot use identity column key generation with <union-subclass> mapping for: ma.geo.gescolarite.entities.UserEntity
	at org.springframework.orm.jpa.AbstractEntityManagerFactoryBean.buildNativeEntityManagerFactory(AbstractEntityManagerFactoryBean.java:421)
	at org.springframework.orm.jpa.AbstractEntityManagerFactoryBean.afterPropertiesSet(AbstractEntityManagerFactoryBean.java:396)
	at org.springframework.orm.jpa.LocalContainerEntityManagerFactoryBean.afterPropertiesSet(LocalContainerEntityManagerFactoryBean.java:341)
	at org.springframework.beans.factory.support.AbstractAutowireCapableBeanFactory.invokeInitMethods(AbstractAutowireCapableBeanFactory.java:1863)
	at org.springframework.beans.factory.support.AbstractAutowireCapableBeanFactory.initializeBean(AbstractAutowireCapableBeanFactory.java:1800)
	... 14 common frames omitted
Caused by: org.hibernate.MappingException: Cannot use identity column key generation with <union-subclass> mapping for: ma.geo.gescolarite.entities.UserEntity
	at org.hibernate.persister.entity.UnionSubclassEntityPersister.<init>(UnionSubclassEntityPersister.java:82)
	at sun.reflect.NativeConstructorAccessorImpl.newInstance0(Native Method)
	at sun.reflect.NativeConstructorAccessorImpl.newInstance(NativeConstructorAccessorImpl.java:62)
	at sun.reflect.DelegatingConstructorAccessorImpl.newInstance(DelegatingConstructorAccessorImpl.java:45)
	at java.lang.reflect.Constructor.newInstance(Constructor.java:423)
	at org.hibernate.persister.internal.PersisterFactoryImpl.createEntityPersister(PersisterFactoryImpl.java:96)
	at org.hibernate.persister.internal.PersisterFactoryImpl.createEntityPersister(PersisterFactoryImpl.java:77)
	at org.hibernate.metamodel.internal.MetamodelImpl.initialize(MetamodelImpl.java:182)
	at org.hibernate.internal.SessionFactoryImpl.<init>(SessionFactoryImpl.java:319)
	at org.hibernate.boot.internal.SessionFactoryBuilderImpl.build(SessionFactoryBuilderImpl.java:471)
	at org.hibernate.jpa.boot.internal.EntityManagerFactoryBuilderImpl.build(EntityManagerFactoryBuilderImpl.java:1498)
	at org.springframework.orm.jpa.vendor.SpringHibernateJpaPersistenceProvider.createContainerEntityManagerFactory(SpringHibernateJpaPersistenceProvider.java:58)
	at org.springframework.orm.jpa.LocalContainerEntityManagerFactoryBean.createNativeEntityManagerFactory(LocalContainerEntityManagerFactoryBean.java:365)
	at org.springframework.orm.jpa.AbstractEntityManagerFactoryBean.buildNativeEntityManagerFactory(AbstractEntityManagerFactoryBean.java:409)
	... 18 common frames omitted
2023-06-17 00:51:26,959 INFO org.springframework.boot.StartupInfoLogger [main] Starting GescolariteApplication using Java 1.8.0_191 on ASP-5QCNZH3 with PID 9196 (E:\cigma\JAVA\JAVA_PROJECTS\PFE-Repository\target\classes started by youssefkarfouh in E:\cigma\JAVA\JAVA_PROJECTS\PFE-Repository)
2023-06-17 00:51:26,962 DEBUG org.springframework.boot.StartupInfoLogger [main] Running with Spring Boot v2.7.12, Spring v5.3.27
2023-06-17 00:51:26,965 INFO org.springframework.boot.SpringApplication [main] The following 1 profile is active: "dev"
2023-06-17 00:51:27,886 INFO org.springframework.data.repository.config.RepositoryConfigurationDelegate [main] Bootstrapping Spring Data JPA repositories in DEFAULT mode.
2023-06-17 00:51:27,951 INFO org.springframework.data.repository.config.RepositoryConfigurationDelegate [main] Finished Spring Data repository scanning in 55 ms. Found 3 JPA repository interfaces.
2023-06-17 00:51:28,665 INFO org.springframework.boot.web.embedded.tomcat.TomcatWebServer [main] Tomcat initialized with port(s): 8092 (http)
2023-06-17 00:51:28,683 INFO org.apache.juli.logging.DirectJDKLog [main] Initializing ProtocolHandler ["http-nio-8092"]
2023-06-17 00:51:28,685 INFO org.apache.juli.logging.DirectJDKLog [main] Starting service [Tomcat]
2023-06-17 00:51:28,685 INFO org.apache.juli.logging.DirectJDKLog [main] Starting Servlet engine: [Apache Tomcat/9.0.75]
2023-06-17 00:51:28,906 INFO org.apache.juli.logging.DirectJDKLog [main] Initializing Spring embedded WebApplicationContext
2023-06-17 00:51:28,906 INFO org.springframework.boot.web.servlet.context.ServletWebServerApplicationContext [main] Root WebApplicationContext: initialization completed in 1884 ms
2023-06-17 00:51:29,406 INFO com.zaxxer.hikari.HikariDataSource [main] HikariPool-1 - Starting...
2023-06-17 00:51:29,581 INFO com.zaxxer.hikari.HikariDataSource [main] HikariPool-1 - Start completed.
2023-06-17 00:51:30,095 ERROR org.springframework.orm.jpa.AbstractEntityManagerFactoryBean [main] Failed to initialize JPA EntityManagerFactory: [PersistenceUnit: default] Unable to build Hibernate SessionFactory; nested exception is org.hibernate.MappingException: Cannot use identity column key generation with <union-subclass> mapping for: ma.geo.gescolarite.entities.UserEntity
2023-06-17 00:51:30,096 WARN org.springframework.context.support.AbstractApplicationContext [main] Exception encountered during context initialization - cancelling refresh attempt: org.springframework.beans.factory.BeanCreationException: Error creating bean with name 'entityManagerFactory' defined in class path resource [org/springframework/boot/autoconfigure/orm/jpa/HibernateJpaConfiguration.class]: Invocation of init method failed; nested exception is javax.persistence.PersistenceException: [PersistenceUnit: default] Unable to build Hibernate SessionFactory; nested exception is org.hibernate.MappingException: Cannot use identity column key generation with <union-subclass> mapping for: ma.geo.gescolarite.entities.UserEntity
2023-06-17 00:51:30,096 INFO com.zaxxer.hikari.HikariDataSource [main] HikariPool-1 - Shutdown initiated...
2023-06-17 00:51:30,107 INFO com.zaxxer.hikari.HikariDataSource [main] HikariPool-1 - Shutdown completed.
2023-06-17 00:51:30,108 INFO org.apache.juli.logging.DirectJDKLog [main] Stopping service [Tomcat]
2023-06-17 00:51:30,120 INFO org.springframework.boot.autoconfigure.logging.ConditionEvaluationReportLoggingListener [main] 

Error starting ApplicationContext. To display the conditions report re-run your application with 'debug' enabled.
2023-06-17 00:51:30,141 ERROR org.springframework.boot.SpringApplication [main] Application run failed
org.springframework.beans.factory.BeanCreationException: Error creating bean with name 'entityManagerFactory' defined in class path resource [org/springframework/boot/autoconfigure/orm/jpa/HibernateJpaConfiguration.class]: Invocation of init method failed; nested exception is javax.persistence.PersistenceException: [PersistenceUnit: default] Unable to build Hibernate SessionFactory; nested exception is org.hibernate.MappingException: Cannot use identity column key generation with <union-subclass> mapping for: ma.geo.gescolarite.entities.UserEntity
	at org.springframework.beans.factory.support.AbstractAutowireCapableBeanFactory.initializeBean(AbstractAutowireCapableBeanFactory.java:1804)
	at org.springframework.beans.factory.support.AbstractAutowireCapableBeanFactory.doCreateBean(AbstractAutowireCapableBeanFactory.java:620)
	at org.springframework.beans.factory.support.AbstractAutowireCapableBeanFactory.createBean(AbstractAutowireCapableBeanFactory.java:542)
	at org.springframework.beans.factory.support.AbstractBeanFactory.lambda$doGetBean$0(AbstractBeanFactory.java:335)
	at org.springframework.beans.factory.support.DefaultSingletonBeanRegistry.getSingleton(DefaultSingletonBeanRegistry.java:234)
	at org.springframework.beans.factory.support.AbstractBeanFactory.doGetBean(AbstractBeanFactory.java:333)
	at org.springframework.beans.factory.support.AbstractBeanFactory.getBean(AbstractBeanFactory.java:208)
	at org.springframework.context.support.AbstractApplicationContext.getBean(AbstractApplicationContext.java:1156)
	at org.springframework.context.support.AbstractApplicationContext.finishBeanFactoryInitialization(AbstractApplicationContext.java:910)
	at org.springframework.context.support.AbstractApplicationContext.refresh(AbstractApplicationContext.java:583)
	at org.springframework.boot.web.servlet.context.ServletWebServerApplicationContext.refresh(ServletWebServerApplicationContext.java:147)
	at org.springframework.boot.SpringApplication.refresh(SpringApplication.java:731)
	at org.springframework.boot.SpringApplication.refreshContext(SpringApplication.java:408)
	at org.springframework.boot.SpringApplication.run(SpringApplication.java:307)
	at ma.geo.gescolarite.GescolariteApplication.main(GescolariteApplication.java:22)
Caused by: javax.persistence.PersistenceException: [PersistenceUnit: default] Unable to build Hibernate SessionFactory; nested exception is org.hibernate.MappingException: Cannot use identity column key generation with <union-subclass> mapping for: ma.geo.gescolarite.entities.UserEntity
	at org.springframework.orm.jpa.AbstractEntityManagerFactoryBean.buildNativeEntityManagerFactory(AbstractEntityManagerFactoryBean.java:421)
	at org.springframework.orm.jpa.AbstractEntityManagerFactoryBean.afterPropertiesSet(AbstractEntityManagerFactoryBean.java:396)
	at org.springframework.orm.jpa.LocalContainerEntityManagerFactoryBean.afterPropertiesSet(LocalContainerEntityManagerFactoryBean.java:341)
	at org.springframework.beans.factory.support.AbstractAutowireCapableBeanFactory.invokeInitMethods(AbstractAutowireCapableBeanFactory.java:1863)
	at org.springframework.beans.factory.support.AbstractAutowireCapableBeanFactory.initializeBean(AbstractAutowireCapableBeanFactory.java:1800)
	... 14 common frames omitted
Caused by: org.hibernate.MappingException: Cannot use identity column key generation with <union-subclass> mapping for: ma.geo.gescolarite.entities.UserEntity
	at org.hibernate.persister.entity.UnionSubclassEntityPersister.<init>(UnionSubclassEntityPersister.java:82)
	at sun.reflect.NativeConstructorAccessorImpl.newInstance0(Native Method)
	at sun.reflect.NativeConstructorAccessorImpl.newInstance(NativeConstructorAccessorImpl.java:62)
	at sun.reflect.DelegatingConstructorAccessorImpl.newInstance(DelegatingConstructorAccessorImpl.java:45)
	at java.lang.reflect.Constructor.newInstance(Constructor.java:423)
	at org.hibernate.persister.internal.PersisterFactoryImpl.createEntityPersister(PersisterFactoryImpl.java:96)
	at org.hibernate.persister.internal.PersisterFactoryImpl.createEntityPersister(PersisterFactoryImpl.java:77)
	at org.hibernate.metamodel.internal.MetamodelImpl.initialize(MetamodelImpl.java:182)
	at org.hibernate.internal.SessionFactoryImpl.<init>(SessionFactoryImpl.java:319)
	at org.hibernate.boot.internal.SessionFactoryBuilderImpl.build(SessionFactoryBuilderImpl.java:471)
	at org.hibernate.jpa.boot.internal.EntityManagerFactoryBuilderImpl.build(EntityManagerFactoryBuilderImpl.java:1498)
	at org.springframework.orm.jpa.vendor.SpringHibernateJpaPersistenceProvider.createContainerEntityManagerFactory(SpringHibernateJpaPersistenceProvider.java:58)
	at org.springframework.orm.jpa.LocalContainerEntityManagerFactoryBean.createNativeEntityManagerFactory(LocalContainerEntityManagerFactoryBean.java:365)
	at org.springframework.orm.jpa.AbstractEntityManagerFactoryBean.buildNativeEntityManagerFactory(AbstractEntityManagerFactoryBean.java:409)
	... 18 common frames omitted
2023-06-17 01:00:24,027 INFO org.springframework.boot.StartupInfoLogger [main] Starting GescolariteApplication using Java 1.8.0_191 on ASP-5QCNZH3 with PID 17376 (E:\cigma\JAVA\JAVA_PROJECTS\PFE-Repository\target\classes started by youssefkarfouh in E:\cigma\JAVA\JAVA_PROJECTS\PFE-Repository)
2023-06-17 01:00:24,030 DEBUG org.springframework.boot.StartupInfoLogger [main] Running with Spring Boot v2.7.12, Spring v5.3.27
2023-06-17 01:00:24,030 INFO org.springframework.boot.SpringApplication [main] The following 1 profile is active: "dev"
2023-06-17 01:00:24,922 INFO org.springframework.data.repository.config.RepositoryConfigurationDelegate [main] Bootstrapping Spring Data JPA repositories in DEFAULT mode.
2023-06-17 01:00:24,984 INFO org.springframework.data.repository.config.RepositoryConfigurationDelegate [main] Finished Spring Data repository scanning in 53 ms. Found 3 JPA repository interfaces.
2023-06-17 01:00:25,653 INFO org.springframework.boot.web.embedded.tomcat.TomcatWebServer [main] Tomcat initialized with port(s): 8092 (http)
2023-06-17 01:00:25,662 INFO org.apache.juli.logging.DirectJDKLog [main] Initializing ProtocolHandler ["http-nio-8092"]
2023-06-17 01:00:25,663 INFO org.apache.juli.logging.DirectJDKLog [main] Starting service [Tomcat]
2023-06-17 01:00:25,663 INFO org.apache.juli.logging.DirectJDKLog [main] Starting Servlet engine: [Apache Tomcat/9.0.75]
2023-06-17 01:00:25,891 INFO org.apache.juli.logging.DirectJDKLog [main] Initializing Spring embedded WebApplicationContext
2023-06-17 01:00:25,892 INFO org.springframework.boot.web.servlet.context.ServletWebServerApplicationContext [main] Root WebApplicationContext: initialization completed in 1807 ms
2023-06-17 01:00:26,396 INFO com.zaxxer.hikari.HikariDataSource [main] HikariPool-1 - Starting...
2023-06-17 01:00:26,552 INFO com.zaxxer.hikari.HikariDataSource [main] HikariPool-1 - Start completed.
2023-06-17 01:00:27,551 INFO org.springframework.orm.jpa.AbstractEntityManagerFactoryBean [main] Initialized JPA EntityManagerFactory for persistence unit 'default'
2023-06-17 01:00:28,028 WARN org.springframework.boot.autoconfigure.orm.jpa.JpaBaseConfiguration$JpaWebConfiguration [main] spring.jpa.open-in-view is enabled by default. Therefore, database queries may be performed during view rendering. Explicitly configure spring.jpa.open-in-view to disable this warning
2023-06-17 01:00:28,278 DEBUG org.springframework.web.servlet.handler.AbstractHandlerMethodMapping [main] 13 mappings in 'requestMappingHandlerMapping'
2023-06-17 01:00:28,474 DEBUG org.springframework.web.servlet.mvc.method.annotation.RequestMappingHandlerAdapter [main] ControllerAdvice beans: 0 @ModelAttribute, 0 @InitBinder, 1 RequestBodyAdvice, 1 ResponseBodyAdvice
2023-06-17 01:00:28,525 DEBUG org.springframework.web.servlet.handler.SimpleUrlHandlerMapping [main] Patterns [/swagger-ui/] in 'viewControllerHandlerMapping'
2023-06-17 01:00:28,540 DEBUG org.springframework.web.servlet.handler.SimpleUrlHandlerMapping [main] Patterns [/webjars/**, /**, /swagger-ui/**] in 'resourceHandlerMapping'
2023-06-17 01:00:28,546 DEBUG org.springframework.web.servlet.mvc.method.annotation.ExceptionHandlerExceptionResolver [main] ControllerAdvice beans: 0 @ExceptionHandler, 1 ResponseBodyAdvice
2023-06-17 01:00:28,630 INFO org.apache.juli.logging.DirectJDKLog [main] Starting ProtocolHandler ["http-nio-8092"]
2023-06-17 01:00:28,649 INFO org.springframework.boot.web.embedded.tomcat.TomcatWebServer [main] Tomcat started on port(s): 8092 (http) with context path ''
2023-06-17 01:00:28,912 INFO org.springframework.boot.StartupInfoLogger [main] Started GescolariteApplication in 5.285 seconds (JVM running for 5.839)
2023-06-17 01:00:28,916 INFO ma.geo.gescolarite.GescolariteApplication [main] Access URLs:
----------------------------------------------------------
	Local: 		http://127.0.0.1:8092/swagger-ui/#/
	External: 	http://192.168.1.110:8092/swagger-ui/#/
----------------------------------------------------------
2023-06-17 01:02:38,770 INFO org.springframework.orm.jpa.AbstractEntityManagerFactoryBean [SpringApplicationShutdownHook] Closing JPA EntityManagerFactory for persistence unit 'default'
2023-06-17 01:02:38,773 INFO com.zaxxer.hikari.HikariDataSource [SpringApplicationShutdownHook] HikariPool-1 - Shutdown initiated...
2023-06-17 01:02:38,780 INFO com.zaxxer.hikari.HikariDataSource [SpringApplicationShutdownHook] HikariPool-1 - Shutdown completed.
2023-06-17 01:02:53,322 INFO org.springframework.boot.StartupInfoLogger [main] Starting GescolariteApplication using Java 1.8.0_191 on ASP-5QCNZH3 with PID 612 (E:\cigma\JAVA\JAVA_PROJECTS\PFE-Repository\target\classes started by youssefkarfouh in E:\cigma\JAVA\JAVA_PROJECTS\PFE-Repository)
2023-06-17 01:02:53,324 DEBUG org.springframework.boot.StartupInfoLogger [main] Running with Spring Boot v2.7.12, Spring v5.3.27
2023-06-17 01:02:53,324 INFO org.springframework.boot.SpringApplication [main] The following 1 profile is active: "dev"
2023-06-17 01:02:54,151 INFO org.springframework.data.repository.config.RepositoryConfigurationDelegate [main] Bootstrapping Spring Data JPA repositories in DEFAULT mode.
2023-06-17 01:02:54,209 INFO org.springframework.data.repository.config.RepositoryConfigurationDelegate [main] Finished Spring Data repository scanning in 50 ms. Found 3 JPA repository interfaces.
2023-06-17 01:02:54,873 INFO org.springframework.boot.web.embedded.tomcat.TomcatWebServer [main] Tomcat initialized with port(s): 8092 (http)
2023-06-17 01:02:54,887 INFO org.apache.juli.logging.DirectJDKLog [main] Initializing ProtocolHandler ["http-nio-8092"]
2023-06-17 01:02:54,887 INFO org.apache.juli.logging.DirectJDKLog [main] Starting service [Tomcat]
2023-06-17 01:02:54,888 INFO org.apache.juli.logging.DirectJDKLog [main] Starting Servlet engine: [Apache Tomcat/9.0.75]
2023-06-17 01:02:55,090 INFO org.apache.juli.logging.DirectJDKLog [main] Initializing Spring embedded WebApplicationContext
2023-06-17 01:02:55,090 INFO org.springframework.boot.web.servlet.context.ServletWebServerApplicationContext [main] Root WebApplicationContext: initialization completed in 1712 ms
2023-06-17 01:02:55,549 INFO com.zaxxer.hikari.HikariDataSource [main] HikariPool-1 - Starting...
2023-06-17 01:02:55,688 INFO com.zaxxer.hikari.HikariDataSource [main] HikariPool-1 - Start completed.
2023-06-17 01:02:56,675 INFO org.springframework.orm.jpa.AbstractEntityManagerFactoryBean [main] Initialized JPA EntityManagerFactory for persistence unit 'default'
2023-06-17 01:02:57,176 WARN org.springframework.boot.autoconfigure.orm.jpa.JpaBaseConfiguration$JpaWebConfiguration [main] spring.jpa.open-in-view is enabled by default. Therefore, database queries may be performed during view rendering. Explicitly configure spring.jpa.open-in-view to disable this warning
2023-06-17 01:02:57,409 DEBUG org.springframework.web.servlet.handler.AbstractHandlerMethodMapping [main] 13 mappings in 'requestMappingHandlerMapping'
2023-06-17 01:02:57,572 DEBUG org.springframework.web.servlet.mvc.method.annotation.RequestMappingHandlerAdapter [main] ControllerAdvice beans: 0 @ModelAttribute, 0 @InitBinder, 1 RequestBodyAdvice, 1 ResponseBodyAdvice
2023-06-17 01:02:57,621 DEBUG org.springframework.web.servlet.handler.SimpleUrlHandlerMapping [main] Patterns [/swagger-ui/] in 'viewControllerHandlerMapping'
2023-06-17 01:02:57,641 DEBUG org.springframework.web.servlet.handler.SimpleUrlHandlerMapping [main] Patterns [/webjars/**, /**, /swagger-ui/**] in 'resourceHandlerMapping'
2023-06-17 01:02:57,647 DEBUG org.springframework.web.servlet.mvc.method.annotation.ExceptionHandlerExceptionResolver [main] ControllerAdvice beans: 0 @ExceptionHandler, 1 ResponseBodyAdvice
2023-06-17 01:02:57,732 INFO org.apache.juli.logging.DirectJDKLog [main] Starting ProtocolHandler ["http-nio-8092"]
2023-06-17 01:02:57,748 INFO org.springframework.boot.web.embedded.tomcat.TomcatWebServer [main] Tomcat started on port(s): 8092 (http) with context path ''
2023-06-17 01:02:58,025 INFO org.springframework.boot.StartupInfoLogger [main] Started GescolariteApplication in 5.11 seconds (JVM running for 5.611)
2023-06-17 01:02:58,028 INFO ma.geo.gescolarite.GescolariteApplication [main] Access URLs:
----------------------------------------------------------
	Local: 		http://127.0.0.1:8092/swagger-ui/#/
	External: 	http://192.168.1.110:8092/swagger-ui/#/
----------------------------------------------------------
2023-06-17 01:03:26,848 INFO org.apache.juli.logging.DirectJDKLog [http-nio-8092-exec-1] Initializing Spring DispatcherServlet 'dispatcherServlet'
2023-06-17 01:03:26,848 INFO org.springframework.web.servlet.FrameworkServlet [http-nio-8092-exec-1] Initializing Servlet 'dispatcherServlet'
2023-06-17 01:03:26,848 DEBUG org.springframework.web.servlet.DispatcherServlet [http-nio-8092-exec-1] Detected StandardServletMultipartResolver
2023-06-17 01:03:26,848 DEBUG org.springframework.web.servlet.DispatcherServlet [http-nio-8092-exec-1] Detected AcceptHeaderLocaleResolver
2023-06-17 01:03:26,848 DEBUG org.springframework.web.servlet.DispatcherServlet [http-nio-8092-exec-1] Detected FixedThemeResolver
2023-06-17 01:03:26,850 DEBUG org.springframework.web.servlet.DispatcherServlet [http-nio-8092-exec-1] Detected org.springframework.web.servlet.view.DefaultRequestToViewNameTranslator@7612116b
2023-06-17 01:03:26,852 DEBUG org.springframework.web.servlet.DispatcherServlet [http-nio-8092-exec-1] Detected org.springframework.web.servlet.support.SessionFlashMapManager@736788b
2023-06-17 01:03:26,852 DEBUG org.springframework.web.servlet.FrameworkServlet [http-nio-8092-exec-1] enableLoggingRequestDetails='false': request parameters and headers will be masked to prevent unsafe logging of potentially sensitive data
2023-06-17 01:03:26,852 INFO org.springframework.web.servlet.FrameworkServlet [http-nio-8092-exec-1] Completed initialization in 4 ms
2023-06-17 01:03:26,863 DEBUG org.springframework.core.log.LogFormatUtils [http-nio-8092-exec-1] GET "/swagger-resources/configuration/ui", parameters={}
2023-06-17 01:03:26,869 DEBUG org.springframework.web.servlet.handler.AbstractHandlerMapping [http-nio-8092-exec-1] Mapped to springfox.documentation.swagger.web.ApiResourceController#uiConfiguration()
2023-06-17 01:03:26,886 DEBUG org.springframework.web.servlet.mvc.method.annotation.AbstractMessageConverterMethodProcessor [http-nio-8092-exec-1] Using 'application/json', given [application/json] and supported [application/json]
2023-06-17 01:03:26,911 DEBUG org.springframework.core.log.LogFormatUtils [http-nio-8092-exec-1] Writing [springfox.documentation.swagger.web.UiConfiguration@1f0046d9]
2023-06-17 01:03:26,928 DEBUG org.springframework.web.servlet.FrameworkServlet [http-nio-8092-exec-1] Completed 200 OK
2023-06-17 01:03:26,931 DEBUG org.springframework.core.log.LogFormatUtils [http-nio-8092-exec-3] GET "/swagger-resources/configuration/ui", parameters={}
2023-06-17 01:03:26,932 DEBUG org.springframework.web.servlet.handler.AbstractHandlerMapping [http-nio-8092-exec-3] Mapped to springfox.documentation.swagger.web.ApiResourceController#uiConfiguration()
2023-06-17 01:03:26,933 DEBUG org.springframework.web.servlet.mvc.method.annotation.AbstractMessageConverterMethodProcessor [http-nio-8092-exec-3] Using 'application/json', given [application/json] and supported [application/json]
2023-06-17 01:03:26,934 DEBUG org.springframework.core.log.LogFormatUtils [http-nio-8092-exec-3] Writing [springfox.documentation.swagger.web.UiConfiguration@1f0046d9]
2023-06-17 01:03:26,934 DEBUG org.springframework.core.log.LogFormatUtils [http-nio-8092-exec-2] GET "/swagger-resources/configuration/security", parameters={}
2023-06-17 01:03:26,934 DEBUG org.springframework.web.servlet.handler.AbstractHandlerMapping [http-nio-8092-exec-2] Mapped to springfox.documentation.swagger.web.ApiResourceController#securityConfiguration()
2023-06-17 01:03:26,935 DEBUG org.springframework.web.servlet.FrameworkServlet [http-nio-8092-exec-3] Completed 200 OK
2023-06-17 01:03:26,936 DEBUG org.springframework.web.servlet.mvc.method.annotation.AbstractMessageConverterMethodProcessor [http-nio-8092-exec-2] Using 'application/json', given [application/json] and supported [application/json]
2023-06-17 01:03:26,939 DEBUG org.springframework.core.log.LogFormatUtils [http-nio-8092-exec-2] Writing [springfox.documentation.swagger.web.SecurityConfiguration@7d53d1fa]
2023-06-17 01:03:26,941 DEBUG org.springframework.web.servlet.FrameworkServlet [http-nio-8092-exec-2] Completed 200 OK
2023-06-17 01:03:26,942 DEBUG org.springframework.core.log.LogFormatUtils [http-nio-8092-exec-4] GET "/swagger-resources/configuration/security", parameters={}
2023-06-17 01:03:26,942 DEBUG org.springframework.web.servlet.handler.AbstractHandlerMapping [http-nio-8092-exec-4] Mapped to springfox.documentation.swagger.web.ApiResourceController#securityConfiguration()
2023-06-17 01:03:26,943 DEBUG org.springframework.web.servlet.mvc.method.annotation.AbstractMessageConverterMethodProcessor [http-nio-8092-exec-4] Using 'application/json', given [application/json] and supported [application/json]
2023-06-17 01:03:26,943 DEBUG org.springframework.core.log.LogFormatUtils [http-nio-8092-exec-4] Writing [springfox.documentation.swagger.web.SecurityConfiguration@7d53d1fa]
2023-06-17 01:03:26,944 DEBUG org.springframework.core.log.LogFormatUtils [http-nio-8092-exec-5] GET "/swagger-resources", parameters={}
2023-06-17 01:03:26,944 DEBUG org.springframework.web.servlet.FrameworkServlet [http-nio-8092-exec-4] Completed 200 OK
2023-06-17 01:03:26,944 DEBUG org.springframework.web.servlet.handler.AbstractHandlerMapping [http-nio-8092-exec-5] Mapped to springfox.documentation.swagger.web.ApiResourceController#swaggerResources()
2023-06-17 01:03:26,946 DEBUG org.springframework.web.servlet.mvc.method.annotation.AbstractMessageConverterMethodProcessor [http-nio-8092-exec-5] Using 'application/json', given [application/json] and supported [application/json]
2023-06-17 01:03:26,947 DEBUG org.springframework.core.log.LogFormatUtils [http-nio-8092-exec-5] Writing [[springfox.documentation.swagger.web.SwaggerResource@d5e1ae0]]
2023-06-17 01:03:26,950 DEBUG org.springframework.web.servlet.FrameworkServlet [http-nio-8092-exec-5] Completed 200 OK
2023-06-17 01:03:26,951 DEBUG org.springframework.core.log.LogFormatUtils [http-nio-8092-exec-6] GET "/swagger-resources", parameters={}
2023-06-17 01:03:26,952 DEBUG org.springframework.web.servlet.handler.AbstractHandlerMapping [http-nio-8092-exec-6] Mapped to springfox.documentation.swagger.web.ApiResourceController#swaggerResources()
2023-06-17 01:03:26,953 DEBUG org.springframework.web.servlet.mvc.method.annotation.AbstractMessageConverterMethodProcessor [http-nio-8092-exec-6] Using 'application/json', given [application/json] and supported [application/json]
2023-06-17 01:03:26,953 DEBUG org.springframework.core.log.LogFormatUtils [http-nio-8092-exec-6] Writing [[springfox.documentation.swagger.web.SwaggerResource@2b0c1f84]]
2023-06-17 01:03:26,954 DEBUG org.springframework.web.servlet.FrameworkServlet [http-nio-8092-exec-6] Completed 200 OK
2023-06-17 01:03:26,980 DEBUG org.springframework.core.log.LogFormatUtils [http-nio-8092-exec-7] GET "/v2/api-docs", parameters={}
2023-06-17 01:03:26,980 DEBUG org.springframework.web.servlet.handler.AbstractHandlerMapping [http-nio-8092-exec-7] Mapped to springfox.documentation.swagger2.web.Swagger2ControllerWebMvc#getDocumentation(String, HttpServletRequest)
2023-06-17 01:03:27,075 DEBUG org.springframework.web.servlet.mvc.method.annotation.AbstractMessageConverterMethodProcessor [http-nio-8092-exec-7] Using 'application/json', given [application/json, */*] and supported [application/json, application/hal+json]
2023-06-17 01:03:27,076 DEBUG org.springframework.core.log.LogFormatUtils [http-nio-8092-exec-7] Writing [springfox.documentation.spring.web.json.Json@7a6c0c15]
2023-06-17 01:03:27,077 DEBUG org.springframework.web.servlet.FrameworkServlet [http-nio-8092-exec-7] Completed 200 OK
2023-06-17 01:03:27,079 DEBUG org.springframework.core.log.LogFormatUtils [http-nio-8092-exec-8] GET "/v2/api-docs", parameters={}
2023-06-17 01:03:27,079 DEBUG org.springframework.web.servlet.handler.AbstractHandlerMapping [http-nio-8092-exec-8] Mapped to springfox.documentation.swagger2.web.Swagger2ControllerWebMvc#getDocumentation(String, HttpServletRequest)
2023-06-17 01:03:27,087 DEBUG org.springframework.web.servlet.mvc.method.annotation.AbstractMessageConverterMethodProcessor [http-nio-8092-exec-8] Using 'application/json', given [application/json, */*] and supported [application/json, application/hal+json]
2023-06-17 01:03:27,088 DEBUG org.springframework.core.log.LogFormatUtils [http-nio-8092-exec-8] Writing [springfox.documentation.spring.web.json.Json@61ddb073]
2023-06-17 01:03:27,089 DEBUG org.springframework.web.servlet.FrameworkServlet [http-nio-8092-exec-8] Completed 200 OK
2023-06-17 01:09:21,244 INFO org.springframework.orm.jpa.AbstractEntityManagerFactoryBean [SpringApplicationShutdownHook] Closing JPA EntityManagerFactory for persistence unit 'default'
2023-06-17 01:09:21,246 INFO com.zaxxer.hikari.HikariDataSource [SpringApplicationShutdownHook] HikariPool-1 - Shutdown initiated...
2023-06-17 01:09:21,255 INFO com.zaxxer.hikari.HikariDataSource [SpringApplicationShutdownHook] HikariPool-1 - Shutdown completed.
2023-06-17 01:12:56,909 INFO org.springframework.boot.StartupInfoLogger [main] Starting GescolariteApplication using Java 1.8.0_191 on ASP-5QCNZH3 with PID 14536 (E:\cigma\JAVA\JAVA_PROJECTS\PFE-Repository\target\classes started by youssefkarfouh in E:\cigma\JAVA\JAVA_PROJECTS\PFE-Repository)
2023-06-17 01:12:56,911 DEBUG org.springframework.boot.StartupInfoLogger [main] Running with Spring Boot v2.7.12, Spring v5.3.27
2023-06-17 01:12:56,912 INFO org.springframework.boot.SpringApplication [main] The following 1 profile is active: "dev"
2023-06-17 01:12:57,789 INFO org.springframework.data.repository.config.RepositoryConfigurationDelegate [main] Bootstrapping Spring Data JPA repositories in DEFAULT mode.
2023-06-17 01:12:57,855 INFO org.springframework.data.repository.config.RepositoryConfigurationDelegate [main] Finished Spring Data repository scanning in 58 ms. Found 3 JPA repository interfaces.
2023-06-17 01:12:58,532 INFO org.springframework.boot.web.embedded.tomcat.TomcatWebServer [main] Tomcat initialized with port(s): 8092 (http)
2023-06-17 01:12:58,551 INFO org.apache.juli.logging.DirectJDKLog [main] Initializing ProtocolHandler ["http-nio-8092"]
2023-06-17 01:12:58,552 INFO org.apache.juli.logging.DirectJDKLog [main] Starting service [Tomcat]
2023-06-17 01:12:58,553 INFO org.apache.juli.logging.DirectJDKLog [main] Starting Servlet engine: [Apache Tomcat/9.0.75]
2023-06-17 01:12:58,771 INFO org.apache.juli.logging.DirectJDKLog [main] Initializing Spring embedded WebApplicationContext
2023-06-17 01:12:58,772 INFO org.springframework.boot.web.servlet.context.ServletWebServerApplicationContext [main] Root WebApplicationContext: initialization completed in 1803 ms
2023-06-17 01:12:59,349 INFO com.zaxxer.hikari.HikariDataSource [main] HikariPool-1 - Starting...
2023-06-17 01:12:59,510 INFO com.zaxxer.hikari.HikariDataSource [main] HikariPool-1 - Start completed.
2023-06-17 01:13:00,627 INFO org.springframework.orm.jpa.AbstractEntityManagerFactoryBean [main] Initialized JPA EntityManagerFactory for persistence unit 'default'
2023-06-17 01:13:01,135 WARN org.springframework.boot.autoconfigure.orm.jpa.JpaBaseConfiguration$JpaWebConfiguration [main] spring.jpa.open-in-view is enabled by default. Therefore, database queries may be performed during view rendering. Explicitly configure spring.jpa.open-in-view to disable this warning
2023-06-17 01:13:01,391 DEBUG org.springframework.web.servlet.handler.AbstractHandlerMethodMapping [main] 13 mappings in 'requestMappingHandlerMapping'
2023-06-17 01:13:01,575 DEBUG org.springframework.web.servlet.mvc.method.annotation.RequestMappingHandlerAdapter [main] ControllerAdvice beans: 0 @ModelAttribute, 0 @InitBinder, 1 RequestBodyAdvice, 1 ResponseBodyAdvice
2023-06-17 01:13:01,629 DEBUG org.springframework.web.servlet.handler.SimpleUrlHandlerMapping [main] Patterns [/swagger-ui/] in 'viewControllerHandlerMapping'
2023-06-17 01:13:01,650 DEBUG org.springframework.web.servlet.handler.SimpleUrlHandlerMapping [main] Patterns [/webjars/**, /**, /swagger-ui/**] in 'resourceHandlerMapping'
2023-06-17 01:13:01,657 DEBUG org.springframework.web.servlet.mvc.method.annotation.ExceptionHandlerExceptionResolver [main] ControllerAdvice beans: 0 @ExceptionHandler, 1 ResponseBodyAdvice
2023-06-17 01:13:01,784 INFO org.apache.juli.logging.DirectJDKLog [main] Starting ProtocolHandler ["http-nio-8092"]
2023-06-17 01:13:01,805 INFO org.springframework.boot.web.embedded.tomcat.TomcatWebServer [main] Tomcat started on port(s): 8092 (http) with context path ''
2023-06-17 01:13:02,061 INFO org.springframework.boot.StartupInfoLogger [main] Started GescolariteApplication in 5.603 seconds (JVM running for 6.152)
2023-06-17 01:13:02,065 INFO ma.geo.gescolarite.GescolariteApplication [main] Access URLs:
----------------------------------------------------------
	Local: 		http://127.0.0.1:8092/swagger-ui/#/
	External: 	http://192.168.1.110:8092/swagger-ui/#/
----------------------------------------------------------
2023-06-17 01:13:03,748 INFO org.apache.juli.logging.DirectJDKLog [http-nio-8092-exec-1] Initializing Spring DispatcherServlet 'dispatcherServlet'
2023-06-17 01:13:03,749 INFO org.springframework.web.servlet.FrameworkServlet [http-nio-8092-exec-1] Initializing Servlet 'dispatcherServlet'
2023-06-17 01:13:03,749 DEBUG org.springframework.web.servlet.DispatcherServlet [http-nio-8092-exec-1] Detected StandardServletMultipartResolver
2023-06-17 01:13:03,749 DEBUG org.springframework.web.servlet.DispatcherServlet [http-nio-8092-exec-1] Detected AcceptHeaderLocaleResolver
2023-06-17 01:13:03,750 DEBUG org.springframework.web.servlet.DispatcherServlet [http-nio-8092-exec-1] Detected FixedThemeResolver
2023-06-17 01:13:03,752 DEBUG org.springframework.web.servlet.DispatcherServlet [http-nio-8092-exec-1] Detected org.springframework.web.servlet.view.DefaultRequestToViewNameTranslator@7612116b
2023-06-17 01:13:03,752 DEBUG org.springframework.web.servlet.DispatcherServlet [http-nio-8092-exec-1] Detected org.springframework.web.servlet.support.SessionFlashMapManager@736788b
2023-06-17 01:13:03,753 DEBUG org.springframework.web.servlet.FrameworkServlet [http-nio-8092-exec-1] enableLoggingRequestDetails='false': request parameters and headers will be masked to prevent unsafe logging of potentially sensitive data
2023-06-17 01:13:03,753 INFO org.springframework.web.servlet.FrameworkServlet [http-nio-8092-exec-1] Completed initialization in 4 ms
2023-06-17 01:13:03,763 DEBUG org.springframework.core.log.LogFormatUtils [http-nio-8092-exec-1] GET "/swagger-resources/configuration/ui", parameters={}
2023-06-17 01:13:03,769 DEBUG org.springframework.web.servlet.handler.AbstractHandlerMapping [http-nio-8092-exec-1] Mapped to springfox.documentation.swagger.web.ApiResourceController#uiConfiguration()
2023-06-17 01:13:03,790 DEBUG org.springframework.web.servlet.mvc.method.annotation.AbstractMessageConverterMethodProcessor [http-nio-8092-exec-1] Using 'application/json', given [application/json] and supported [application/json]
2023-06-17 01:13:03,825 DEBUG org.springframework.core.log.LogFormatUtils [http-nio-8092-exec-1] Writing [springfox.documentation.swagger.web.UiConfiguration@4b9a8a1e]
2023-06-17 01:13:03,845 DEBUG org.springframework.web.servlet.FrameworkServlet [http-nio-8092-exec-1] Completed 200 OK
2023-06-17 01:13:03,848 DEBUG org.springframework.core.log.LogFormatUtils [http-nio-8092-exec-4] GET "/swagger-resources/configuration/security", parameters={}
2023-06-17 01:13:03,849 DEBUG org.springframework.web.servlet.handler.AbstractHandlerMapping [http-nio-8092-exec-4] Mapped to springfox.documentation.swagger.web.ApiResourceController#securityConfiguration()
2023-06-17 01:13:03,850 DEBUG org.springframework.web.servlet.mvc.method.annotation.AbstractMessageConverterMethodProcessor [http-nio-8092-exec-4] Using 'application/json', given [application/json] and supported [application/json]
2023-06-17 01:13:03,855 DEBUG org.springframework.core.log.LogFormatUtils [http-nio-8092-exec-4] Writing [springfox.documentation.swagger.web.SecurityConfiguration@2475be47]
2023-06-17 01:13:03,856 DEBUG org.springframework.web.servlet.FrameworkServlet [http-nio-8092-exec-4] Completed 200 OK
2023-06-17 01:13:03,858 DEBUG org.springframework.core.log.LogFormatUtils [http-nio-8092-exec-6] GET "/swagger-resources", parameters={}
2023-06-17 01:13:03,859 DEBUG org.springframework.web.servlet.handler.AbstractHandlerMapping [http-nio-8092-exec-6] Mapped to springfox.documentation.swagger.web.ApiResourceController#swaggerResources()
2023-06-17 01:13:03,860 DEBUG org.springframework.web.servlet.mvc.method.annotation.AbstractMessageConverterMethodProcessor [http-nio-8092-exec-6] Using 'application/json', given [application/json] and supported [application/json]
2023-06-17 01:13:03,861 DEBUG org.springframework.core.log.LogFormatUtils [http-nio-8092-exec-6] Writing [[springfox.documentation.swagger.web.SwaggerResource@797fba87]]
2023-06-17 01:13:03,864 DEBUG org.springframework.web.servlet.FrameworkServlet [http-nio-8092-exec-6] Completed 200 OK
2023-06-17 01:13:03,892 DEBUG org.springframework.core.log.LogFormatUtils [http-nio-8092-exec-2] GET "/v2/api-docs", parameters={}
2023-06-17 01:13:03,893 DEBUG org.springframework.web.servlet.handler.AbstractHandlerMapping [http-nio-8092-exec-2] Mapped to springfox.documentation.swagger2.web.Swagger2ControllerWebMvc#getDocumentation(String, HttpServletRequest)
2023-06-17 01:13:04,018 DEBUG org.springframework.web.servlet.mvc.method.annotation.AbstractMessageConverterMethodProcessor [http-nio-8092-exec-2] Using 'application/json', given [application/json, */*] and supported [application/json, application/hal+json]
2023-06-17 01:13:04,021 DEBUG org.springframework.core.log.LogFormatUtils [http-nio-8092-exec-2] Writing [springfox.documentation.spring.web.json.Json@7f5b216a]
2023-06-17 01:13:04,023 DEBUG org.springframework.web.servlet.FrameworkServlet [http-nio-8092-exec-2] Completed 200 OK
2023-06-17 01:21:21,143 INFO org.springframework.orm.jpa.AbstractEntityManagerFactoryBean [SpringApplicationShutdownHook] Closing JPA EntityManagerFactory for persistence unit 'default'
2023-06-17 01:21:21,156 INFO com.zaxxer.hikari.HikariDataSource [SpringApplicationShutdownHook] HikariPool-1 - Shutdown initiated...
2023-06-17 01:21:21,173 INFO com.zaxxer.hikari.HikariDataSource [SpringApplicationShutdownHook] HikariPool-1 - Shutdown completed.
