2023-06-15 14:18:06,451 INFO org.springframework.boot.StartupInfoLogger [main] Starting GescolariteApplication using Java 1.8.0_351 on LAPTOP-MHAL7KCU with PID 632 (D:\JAVA CIGMA\gescolarite\target\classes started by Ayman in D:\JAVA CIGMA\gescolarite)
2023-06-15 14:18:06,456 DEBUG org.springframework.boot.StartupInfoLogger [main] Running with Spring Boot v2.7.12, Spring v5.3.27
2023-06-15 14:18:06,457 INFO org.springframework.boot.SpringApplication [main] No active profile set, falling back to 1 default profile: "default"
2023-06-15 14:18:07,423 INFO org.springframework.data.repository.config.RepositoryConfigurationDelegate [main] Bootstrapping Spring Data JPA repositories in DEFAULT mode.
2023-06-15 14:18:07,521 INFO org.springframework.data.repository.config.RepositoryConfigurationDelegate [main] Finished Spring Data repository scanning in 81 ms. Found 2 JPA repository interfaces.
2023-06-15 14:18:08,584 INFO org.springframework.boot.web.embedded.tomcat.TomcatWebServer [main] Tomcat initialized with port(s): 8080 (http)
2023-06-15 14:18:08,597 INFO org.apache.juli.logging.DirectJDKLog [main] Initializing ProtocolHandler ["http-nio-8080"]
2023-06-15 14:18:08,598 INFO org.apache.juli.logging.DirectJDKLog [main] Starting service [Tomcat]
2023-06-15 14:18:08,598 INFO org.apache.juli.logging.DirectJDKLog [main] Starting Servlet engine: [Apache Tomcat/9.0.75]
2023-06-15 14:18:08,873 INFO org.apache.juli.logging.DirectJDKLog [main] Initializing Spring embedded WebApplicationContext
2023-06-15 14:18:08,873 INFO org.springframework.boot.web.servlet.context.ServletWebServerApplicationContext [main] Root WebApplicationContext: initialization completed in 2350 ms
2023-06-15 14:18:08,981 WARN org.springframework.context.support.AbstractApplicationContext [main] Exception encountered during context initialization - cancelling refresh attempt: org.springframework.beans.factory.UnsatisfiedDependencyException: Error creating bean with name 'dataSourceScriptDatabaseInitializer' defined in class path resource [org/springframework/boot/autoconfigure/sql/init/DataSourceInitializationConfiguration.class]: Unsatisfied dependency expressed through method 'dataSourceScriptDatabaseInitializer' parameter 0; nested exception is org.springframework.beans.factory.BeanCreationException: Error creating bean with name 'dataSource' defined in class path resource [org/springframework/boot/autoconfigure/jdbc/DataSourceConfiguration$Hikari.class]: Bean instantiation via factory method failed; nested exception is org.springframework.beans.BeanInstantiationException: Failed to instantiate [com.zaxxer.hikari.HikariDataSource]: Factory method 'dataSource' threw exception; nested exception is org.springframework.boot.autoconfigure.jdbc.DataSourceProperties$DataSourceBeanCreationException: Failed to determine a suitable driver class
2023-06-15 14:18:08,986 INFO org.apache.juli.logging.DirectJDKLog [main] Stopping service [Tomcat]
2023-06-15 14:18:09,013 INFO org.springframework.boot.autoconfigure.logging.ConditionEvaluationReportLoggingListener [main] 

Error starting ApplicationContext. To display the conditions report re-run your application with 'debug' enabled.
2023-06-15 14:18:09,129 ERROR org.springframework.boot.diagnostics.LoggingFailureAnalysisReporter [main] 

***************************
APPLICATION FAILED TO START
***************************

Description:

Failed to configure a DataSource: 'url' attribute is not specified and no embedded datasource could be configured.

Reason: Failed to determine a suitable driver class


Action:

Consider the following:
	If you want an embedded database (H2, HSQL or Derby), please put it on the classpath.
	If you have database settings to be loaded from a particular profile you may need to activate it (no profiles are currently active).

2023-06-15 14:19:33,367 INFO org.springframework.boot.StartupInfoLogger [main] Starting GescolariteApplication using Java 1.8.0_351 on LAPTOP-MHAL7KCU with PID 11320 (D:\JAVA CIGMA\gescolarite\target\classes started by Ayman in D:\JAVA CIGMA\gescolarite)
2023-06-15 14:19:33,370 DEBUG org.springframework.boot.StartupInfoLogger [main] Running with Spring Boot v2.7.12, Spring v5.3.27
2023-06-15 14:19:33,371 INFO org.springframework.boot.SpringApplication [main] No active profile set, falling back to 1 default profile: "default"
2023-06-15 14:19:34,395 INFO org.springframework.data.repository.config.RepositoryConfigurationDelegate [main] Bootstrapping Spring Data JPA repositories in DEFAULT mode.
2023-06-15 14:19:34,485 INFO org.springframework.data.repository.config.RepositoryConfigurationDelegate [main] Finished Spring Data repository scanning in 73 ms. Found 2 JPA repository interfaces.
2023-06-15 14:19:35,524 INFO org.springframework.boot.web.embedded.tomcat.TomcatWebServer [main] Tomcat initialized with port(s): 8080 (http)
2023-06-15 14:19:35,538 INFO org.apache.juli.logging.DirectJDKLog [main] Initializing ProtocolHandler ["http-nio-8080"]
2023-06-15 14:19:35,539 INFO org.apache.juli.logging.DirectJDKLog [main] Starting service [Tomcat]
2023-06-15 14:19:35,539 INFO org.apache.juli.logging.DirectJDKLog [main] Starting Servlet engine: [Apache Tomcat/9.0.75]
2023-06-15 14:19:35,824 INFO org.apache.juli.logging.DirectJDKLog [main] Initializing Spring embedded WebApplicationContext
2023-06-15 14:19:35,824 INFO org.springframework.boot.web.servlet.context.ServletWebServerApplicationContext [main] Root WebApplicationContext: initialization completed in 2382 ms
2023-06-15 14:19:35,923 WARN org.springframework.context.support.AbstractApplicationContext [main] Exception encountered during context initialization - cancelling refresh attempt: org.springframework.beans.factory.UnsatisfiedDependencyException: Error creating bean with name 'dataSourceScriptDatabaseInitializer' defined in class path resource [org/springframework/boot/autoconfigure/sql/init/DataSourceInitializationConfiguration.class]: Unsatisfied dependency expressed through method 'dataSourceScriptDatabaseInitializer' parameter 0; nested exception is org.springframework.beans.factory.BeanCreationException: Error creating bean with name 'dataSource' defined in class path resource [org/springframework/boot/autoconfigure/jdbc/DataSourceConfiguration$Hikari.class]: Bean instantiation via factory method failed; nested exception is org.springframework.beans.BeanInstantiationException: Failed to instantiate [com.zaxxer.hikari.HikariDataSource]: Factory method 'dataSource' threw exception; nested exception is org.springframework.boot.autoconfigure.jdbc.DataSourceProperties$DataSourceBeanCreationException: Failed to determine a suitable driver class
2023-06-15 14:19:35,929 INFO org.apache.juli.logging.DirectJDKLog [main] Stopping service [Tomcat]
2023-06-15 14:19:35,952 INFO org.springframework.boot.autoconfigure.logging.ConditionEvaluationReportLoggingListener [main] 

Error starting ApplicationContext. To display the conditions report re-run your application with 'debug' enabled.
2023-06-15 14:19:36,087 ERROR org.springframework.boot.diagnostics.LoggingFailureAnalysisReporter [main] 

***************************
APPLICATION FAILED TO START
***************************

Description:

Failed to configure a DataSource: 'url' attribute is not specified and no embedded datasource could be configured.

Reason: Failed to determine a suitable driver class


Action:

Consider the following:
	If you want an embedded database (H2, HSQL or Derby), please put it on the classpath.
	If you have database settings to be loaded from a particular profile you may need to activate it (no profiles are currently active).

2023-06-15 14:22:13,312 INFO org.springframework.boot.StartupInfoLogger [main] Starting GescolariteApplication using Java 1.8.0_351 on LAPTOP-MHAL7KCU with PID 19376 (D:\JAVA CIGMA\gescolarite\target\classes started by Ayman in D:\JAVA CIGMA\gescolarite)
2023-06-15 14:22:13,316 DEBUG org.springframework.boot.StartupInfoLogger [main] Running with Spring Boot v2.7.12, Spring v5.3.27
2023-06-15 14:22:13,317 INFO org.springframework.boot.SpringApplication [main] The following 1 profile is active: "dev"
2023-06-15 14:22:14,254 INFO org.springframework.data.repository.config.RepositoryConfigurationDelegate [main] Bootstrapping Spring Data JPA repositories in DEFAULT mode.
2023-06-15 14:22:14,367 INFO org.springframework.data.repository.config.RepositoryConfigurationDelegate [main] Finished Spring Data repository scanning in 92 ms. Found 2 JPA repository interfaces.
2023-06-15 14:22:15,551 INFO org.springframework.boot.web.embedded.tomcat.TomcatWebServer [main] Tomcat initialized with port(s): 8092 (http)
2023-06-15 14:22:15,565 INFO org.apache.juli.logging.DirectJDKLog [main] Initializing ProtocolHandler ["http-nio-8092"]
2023-06-15 14:22:15,566 INFO org.apache.juli.logging.DirectJDKLog [main] Starting service [Tomcat]
2023-06-15 14:22:15,566 INFO org.apache.juli.logging.DirectJDKLog [main] Starting Servlet engine: [Apache Tomcat/9.0.75]
2023-06-15 14:22:15,828 INFO org.apache.juli.logging.DirectJDKLog [main] Initializing Spring embedded WebApplicationContext
2023-06-15 14:22:15,829 INFO org.springframework.boot.web.servlet.context.ServletWebServerApplicationContext [main] Root WebApplicationContext: initialization completed in 2438 ms
2023-06-15 14:22:16,833 INFO com.zaxxer.hikari.HikariDataSource [main] HikariPool-1 - Starting...
2023-06-15 14:22:17,104 INFO com.zaxxer.hikari.HikariDataSource [main] HikariPool-1 - Start completed.
2023-06-15 14:22:17,406 ERROR org.springframework.orm.jpa.AbstractEntityManagerFactoryBean [main] Failed to initialize JPA EntityManagerFactory: No identifier specified for entity: ma.geo.gescolarite.entities.CoursEntity
2023-06-15 14:22:17,407 WARN org.springframework.context.support.AbstractApplicationContext [main] Exception encountered during context initialization - cancelling refresh attempt: org.springframework.beans.factory.BeanCreationException: Error creating bean with name 'entityManagerFactory' defined in class path resource [org/springframework/boot/autoconfigure/orm/jpa/HibernateJpaConfiguration.class]: Invocation of init method failed; nested exception is org.hibernate.AnnotationException: No identifier specified for entity: ma.geo.gescolarite.entities.CoursEntity
2023-06-15 14:22:17,408 INFO com.zaxxer.hikari.HikariDataSource [main] HikariPool-1 - Shutdown initiated...
2023-06-15 14:22:17,438 INFO com.zaxxer.hikari.HikariDataSource [main] HikariPool-1 - Shutdown completed.
2023-06-15 14:22:17,445 INFO org.apache.juli.logging.DirectJDKLog [main] Stopping service [Tomcat]
2023-06-15 14:22:17,472 INFO org.springframework.boot.autoconfigure.logging.ConditionEvaluationReportLoggingListener [main] 

Error starting ApplicationContext. To display the conditions report re-run your application with 'debug' enabled.
2023-06-15 14:22:17,514 ERROR org.springframework.boot.SpringApplication [main] Application run failed
org.springframework.beans.factory.BeanCreationException: Error creating bean with name 'entityManagerFactory' defined in class path resource [org/springframework/boot/autoconfigure/orm/jpa/HibernateJpaConfiguration.class]: Invocation of init method failed; nested exception is org.hibernate.AnnotationException: No identifier specified for entity: ma.geo.gescolarite.entities.CoursEntity
	at org.springframework.beans.factory.support.AbstractAutowireCapableBeanFactory.initializeBean(AbstractAutowireCapableBeanFactory.java:1804)
	at org.springframework.beans.factory.support.AbstractAutowireCapableBeanFactory.doCreateBean(AbstractAutowireCapableBeanFactory.java:620)
	at org.springframework.beans.factory.support.AbstractAutowireCapableBeanFactory.createBean(AbstractAutowireCapableBeanFactory.java:542)
	at org.springframework.beans.factory.support.AbstractBeanFactory.lambda$doGetBean$0(AbstractBeanFactory.java:335)
	at org.springframework.beans.factory.support.DefaultSingletonBeanRegistry.getSingleton(DefaultSingletonBeanRegistry.java:234)
	at org.springframework.beans.factory.support.AbstractBeanFactory.doGetBean(AbstractBeanFactory.java:333)
	at org.springframework.beans.factory.support.AbstractBeanFactory.getBean(AbstractBeanFactory.java:208)
	at org.springframework.context.support.AbstractApplicationContext.getBean(AbstractApplicationContext.java:1156)
	at org.springframework.context.support.AbstractApplicationContext.finishBeanFactoryInitialization(AbstractApplicationContext.java:910)
	at org.springframework.context.support.AbstractApplicationContext.refresh(AbstractApplicationContext.java:583)
	at org.springframework.boot.web.servlet.context.ServletWebServerApplicationContext.refresh(ServletWebServerApplicationContext.java:147)
	at org.springframework.boot.SpringApplication.refresh(SpringApplication.java:731)
	at org.springframework.boot.SpringApplication.refreshContext(SpringApplication.java:408)
	at org.springframework.boot.SpringApplication.run(SpringApplication.java:307)
	at org.springframework.boot.SpringApplication.run(SpringApplication.java:1303)
	at org.springframework.boot.SpringApplication.run(SpringApplication.java:1292)
	at ma.geo.gescolarite.GescolariteApplication.main(GescolariteApplication.java:10)
Caused by: org.hibernate.AnnotationException: No identifier specified for entity: ma.geo.gescolarite.entities.CoursEntity
	at org.hibernate.cfg.InheritanceState.determineDefaultAccessType(InheritanceState.java:266)
	at org.hibernate.cfg.InheritanceState.getElementsToProcess(InheritanceState.java:211)
	at org.hibernate.cfg.AnnotationBinder.bindClass(AnnotationBinder.java:772)
	at org.hibernate.boot.model.source.internal.annotations.AnnotationMetadataSourceProcessorImpl.processEntityHierarchies(AnnotationMetadataSourceProcessorImpl.java:225)
	at org.hibernate.boot.model.process.spi.MetadataBuildingProcess$1.processEntityHierarchies(MetadataBuildingProcess.java:239)
	at org.hibernate.boot.model.process.spi.MetadataBuildingProcess.complete(MetadataBuildingProcess.java:282)
	at org.hibernate.jpa.boot.internal.EntityManagerFactoryBuilderImpl.metadata(EntityManagerFactoryBuilderImpl.java:1460)
	at org.hibernate.jpa.boot.internal.EntityManagerFactoryBuilderImpl.build(EntityManagerFactoryBuilderImpl.java:1494)
	at org.springframework.orm.jpa.vendor.SpringHibernateJpaPersistenceProvider.createContainerEntityManagerFactory(SpringHibernateJpaPersistenceProvider.java:58)
	at org.springframework.orm.jpa.LocalContainerEntityManagerFactoryBean.createNativeEntityManagerFactory(LocalContainerEntityManagerFactoryBean.java:365)
	at org.springframework.orm.jpa.AbstractEntityManagerFactoryBean.buildNativeEntityManagerFactory(AbstractEntityManagerFactoryBean.java:409)
	at org.springframework.orm.jpa.AbstractEntityManagerFactoryBean.afterPropertiesSet(AbstractEntityManagerFactoryBean.java:396)
	at org.springframework.orm.jpa.LocalContainerEntityManagerFactoryBean.afterPropertiesSet(LocalContainerEntityManagerFactoryBean.java:341)
	at org.springframework.beans.factory.support.AbstractAutowireCapableBeanFactory.invokeInitMethods(AbstractAutowireCapableBeanFactory.java:1863)
	at org.springframework.beans.factory.support.AbstractAutowireCapableBeanFactory.initializeBean(AbstractAutowireCapableBeanFactory.java:1800)
	... 16 common frames omitted
2023-06-15 14:25:26,012 INFO org.springframework.boot.StartupInfoLogger [main] Starting GescolariteApplication using Java 1.8.0_351 on LAPTOP-MHAL7KCU with PID 7212 (D:\JAVA CIGMA\gescolarite\target\classes started by Ayman in D:\JAVA CIGMA\gescolarite)
2023-06-15 14:25:26,015 DEBUG org.springframework.boot.StartupInfoLogger [main] Running with Spring Boot v2.7.12, Spring v5.3.27
2023-06-15 14:25:26,016 INFO org.springframework.boot.SpringApplication [main] The following 1 profile is active: "dev"
2023-06-15 14:25:26,974 INFO org.springframework.data.repository.config.RepositoryConfigurationDelegate [main] Bootstrapping Spring Data JPA repositories in DEFAULT mode.
2023-06-15 14:25:27,098 INFO org.springframework.data.repository.config.RepositoryConfigurationDelegate [main] Finished Spring Data repository scanning in 98 ms. Found 2 JPA repository interfaces.
2023-06-15 14:25:28,169 INFO org.springframework.boot.web.embedded.tomcat.TomcatWebServer [main] Tomcat initialized with port(s): 8092 (http)
2023-06-15 14:25:28,183 INFO org.apache.juli.logging.DirectJDKLog [main] Initializing ProtocolHandler ["http-nio-8092"]
2023-06-15 14:25:28,184 INFO org.apache.juli.logging.DirectJDKLog [main] Starting service [Tomcat]
2023-06-15 14:25:28,185 INFO org.apache.juli.logging.DirectJDKLog [main] Starting Servlet engine: [Apache Tomcat/9.0.75]
2023-06-15 14:25:28,408 INFO org.apache.juli.logging.DirectJDKLog [main] Initializing Spring embedded WebApplicationContext
2023-06-15 14:25:28,408 INFO org.springframework.boot.web.servlet.context.ServletWebServerApplicationContext [main] Root WebApplicationContext: initialization completed in 2321 ms
2023-06-15 14:25:29,224 INFO com.zaxxer.hikari.HikariDataSource [main] HikariPool-1 - Starting...
2023-06-15 14:25:29,420 INFO com.zaxxer.hikari.HikariDataSource [main] HikariPool-1 - Start completed.
2023-06-15 14:25:30,754 INFO org.springframework.orm.jpa.AbstractEntityManagerFactoryBean [main] Initialized JPA EntityManagerFactory for persistence unit 'default'
2023-06-15 14:25:31,261 WARN org.springframework.boot.autoconfigure.orm.jpa.JpaBaseConfiguration$JpaWebConfiguration [main] spring.jpa.open-in-view is enabled by default. Therefore, database queries may be performed during view rendering. Explicitly configure spring.jpa.open-in-view to disable this warning
2023-06-15 14:25:31,461 DEBUG org.springframework.web.servlet.mvc.method.annotation.RequestMappingHandlerAdapter [main] ControllerAdvice beans: 0 @ModelAttribute, 0 @InitBinder, 1 RequestBodyAdvice, 1 ResponseBodyAdvice
2023-06-15 14:25:31,622 DEBUG org.springframework.web.servlet.handler.AbstractHandlerMethodMapping [main] 4 mappings in 'requestMappingHandlerMapping'
2023-06-15 14:25:31,657 DEBUG org.springframework.web.servlet.handler.SimpleUrlHandlerMapping [main] Patterns [/webjars/**, /**] in 'resourceHandlerMapping'
2023-06-15 14:25:31,673 DEBUG org.springframework.web.servlet.mvc.method.annotation.ExceptionHandlerExceptionResolver [main] ControllerAdvice beans: 0 @ExceptionHandler, 1 ResponseBodyAdvice
2023-06-15 14:25:31,837 INFO org.apache.juli.logging.DirectJDKLog [main] Starting ProtocolHandler ["http-nio-8092"]
2023-06-15 14:25:31,872 INFO org.springframework.boot.web.embedded.tomcat.TomcatWebServer [main] Tomcat started on port(s): 8092 (http) with context path ''
2023-06-15 14:25:31,885 INFO org.springframework.boot.StartupInfoLogger [main] Started GescolariteApplication in 6.612 seconds (JVM running for 7.519)
2023-06-15 14:25:57,500 INFO org.apache.juli.logging.DirectJDKLog [http-nio-8092-exec-2] Initializing Spring DispatcherServlet 'dispatcherServlet'
2023-06-15 14:25:57,501 INFO org.springframework.web.servlet.FrameworkServlet [http-nio-8092-exec-2] Initializing Servlet 'dispatcherServlet'
2023-06-15 14:25:57,501 DEBUG org.springframework.web.servlet.DispatcherServlet [http-nio-8092-exec-2] Detected StandardServletMultipartResolver
2023-06-15 14:25:57,501 DEBUG org.springframework.web.servlet.DispatcherServlet [http-nio-8092-exec-2] Detected AcceptHeaderLocaleResolver
2023-06-15 14:25:57,501 DEBUG org.springframework.web.servlet.DispatcherServlet [http-nio-8092-exec-2] Detected FixedThemeResolver
2023-06-15 14:25:57,502 DEBUG org.springframework.web.servlet.DispatcherServlet [http-nio-8092-exec-2] Detected org.springframework.web.servlet.view.DefaultRequestToViewNameTranslator@2d6a0766
2023-06-15 14:25:57,503 DEBUG org.springframework.web.servlet.DispatcherServlet [http-nio-8092-exec-2] Detected org.springframework.web.servlet.support.SessionFlashMapManager@cec590c
2023-06-15 14:25:57,504 DEBUG org.springframework.web.servlet.FrameworkServlet [http-nio-8092-exec-2] enableLoggingRequestDetails='false': request parameters and headers will be masked to prevent unsafe logging of potentially sensitive data
2023-06-15 14:25:57,504 INFO org.springframework.web.servlet.FrameworkServlet [http-nio-8092-exec-2] Completed initialization in 3 ms
2023-06-15 14:25:57,525 DEBUG org.springframework.core.log.LogFormatUtils [http-nio-8092-exec-2] GET "/", parameters={}
2023-06-15 14:25:57,541 DEBUG org.springframework.web.servlet.handler.AbstractHandlerMapping [http-nio-8092-exec-2] Mapped to ResourceHttpRequestHandler [classpath [META-INF/resources/], classpath [resources/], classpath [static/], classpath [public/], ServletContext [/]]
2023-06-15 14:25:57,548 DEBUG org.springframework.web.servlet.resource.ResourceHttpRequestHandler [http-nio-8092-exec-2] Resource not found
2023-06-15 14:25:57,549 DEBUG org.springframework.web.servlet.FrameworkServlet [http-nio-8092-exec-2] Completed 404 NOT_FOUND
2023-06-15 14:25:57,557 DEBUG org.springframework.core.log.LogFormatUtils [http-nio-8092-exec-2] "ERROR" dispatch for GET "/error", parameters={}
2023-06-15 14:25:57,561 DEBUG org.springframework.web.servlet.handler.AbstractHandlerMapping [http-nio-8092-exec-2] Mapped to org.springframework.boot.autoconfigure.web.servlet.error.BasicErrorController#errorHtml(HttpServletRequest, HttpServletResponse)
2023-06-15 14:25:57,616 DEBUG org.springframework.web.servlet.view.ContentNegotiatingViewResolver [http-nio-8092-exec-2] Selected 'text/html' given [text/html, text/html;q=0.8]
2023-06-15 14:25:57,622 DEBUG org.springframework.web.servlet.FrameworkServlet [http-nio-8092-exec-2] Exiting from "ERROR" dispatch, status 404
2023-06-15 14:25:57,812 DEBUG org.springframework.core.log.LogFormatUtils [http-nio-8092-exec-1] GET "/favicon.ico", parameters={}
2023-06-15 14:25:57,814 DEBUG org.springframework.web.servlet.handler.AbstractHandlerMapping [http-nio-8092-exec-1] Mapped to ResourceHttpRequestHandler [classpath [META-INF/resources/], classpath [resources/], classpath [static/], classpath [public/], ServletContext [/]]
2023-06-15 14:25:57,817 DEBUG org.springframework.web.servlet.resource.ResourceHttpRequestHandler [http-nio-8092-exec-1] Resource not found
2023-06-15 14:25:57,817 DEBUG org.springframework.web.servlet.FrameworkServlet [http-nio-8092-exec-1] Completed 404 NOT_FOUND
2023-06-15 14:25:57,818 DEBUG org.springframework.core.log.LogFormatUtils [http-nio-8092-exec-1] "ERROR" dispatch for GET "/error", parameters={}
2023-06-15 14:25:57,820 DEBUG org.springframework.web.servlet.handler.AbstractHandlerMapping [http-nio-8092-exec-1] Mapped to org.springframework.boot.autoconfigure.web.servlet.error.BasicErrorController#error(HttpServletRequest)
2023-06-15 14:25:57,848 DEBUG org.springframework.web.servlet.mvc.method.annotation.AbstractMessageConverterMethodProcessor [http-nio-8092-exec-1] Using 'application/json;q=0.8', given [image/avif, image/webp, image/apng, image/svg+xml, image/*, */*;q=0.8] and supported [application/json, application/*+json, application/json, application/*+json]
2023-06-15 14:25:57,850 DEBUG org.springframework.core.log.LogFormatUtils [http-nio-8092-exec-1] Writing [{timestamp=Thu Jun 15 14:25:57 WEST 2023, status=404, error=Not Found, path=/favicon.ico}]
2023-06-15 14:25:57,919 DEBUG org.springframework.web.servlet.FrameworkServlet [http-nio-8092-exec-1] Exiting from "ERROR" dispatch, status 404
2023-06-15 14:29:51,371 DEBUG org.springframework.core.log.LogFormatUtils [http-nio-8092-exec-5] GET "/students", parameters={}
2023-06-15 14:29:51,392 DEBUG org.springframework.web.servlet.handler.AbstractHandlerMapping [http-nio-8092-exec-5] Mapped to ma.geo.gescolarite.controllers.StudentController#getAllStudents()
2023-06-15 14:29:51,965 DEBUG org.springframework.web.servlet.mvc.method.annotation.AbstractMessageConverterMethodProcessor [http-nio-8092-exec-5] Using 'application/json', given [*/*] and supported [application/json, application/*+json, application/json, application/*+json]
2023-06-15 14:29:51,966 DEBUG org.springframework.core.log.LogFormatUtils [http-nio-8092-exec-5] Writing [[]]
2023-06-15 14:29:51,974 DEBUG org.springframework.web.servlet.FrameworkServlet [http-nio-8092-exec-5] Completed 200 OK
2023-06-15 14:41:52,029 INFO org.springframework.orm.jpa.AbstractEntityManagerFactoryBean [SpringApplicationShutdownHook] Closing JPA EntityManagerFactory for persistence unit 'default'
2023-06-15 14:41:52,036 INFO com.zaxxer.hikari.HikariDataSource [SpringApplicationShutdownHook] HikariPool-1 - Shutdown initiated...
2023-06-15 14:41:52,070 INFO com.zaxxer.hikari.HikariDataSource [SpringApplicationShutdownHook] HikariPool-1 - Shutdown completed.
